{"/Users/davidcibin/food-truck-frontend/src/components/FoodTruck.tsx": {"path":"/Users/davidcibin/food-truck-frontend/src/components/FoodTruck.tsx","all":false,"statementMap":{"0":{"start":{"line":1,"column":0},"end":{"line":1,"column":44}},"1":{"start":{"line":2,"column":0},"end":{"line":2,"column":51}},"2":{"start":{"line":3,"column":0},"end":{"line":3,"column":56}},"3":{"start":{"line":4,"column":0},"end":{"line":4,"column":61}},"4":{"start":{"line":5,"column":0},"end":{"line":5,"column":44}},"5":{"start":{"line":6,"column":0},"end":{"line":6,"column":46}},"6":{"start":{"line":7,"column":0},"end":{"line":7,"column":47}},"8":{"start":{"line":9,"column":0},"end":{"line":9,"column":47}},"9":{"start":{"line":10,"column":0},"end":{"line":10,"column":51}},"13":{"start":{"line":14,"column":0},"end":{"line":14,"column":50}},"16":{"start":{"line":17,"column":0},"end":{"line":17,"column":9}},"17":{"start":{"line":18,"column":0},"end":{"line":18,"column":34}},"18":{"start":{"line":19,"column":0},"end":{"line":19,"column":32}},"19":{"start":{"line":20,"column":0},"end":{"line":20,"column":12}},"20":{"start":{"line":21,"column":0},"end":{"line":21,"column":22}},"24":{"start":{"line":25,"column":0},"end":{"line":25,"column":65}},"25":{"start":{"line":26,"column":0},"end":{"line":26,"column":75}},"26":{"start":{"line":27,"column":0},"end":{"line":27,"column":73}},"27":{"start":{"line":28,"column":0},"end":{"line":28,"column":72}},"28":{"start":{"line":29,"column":0},"end":{"line":29,"column":68}},"29":{"start":{"line":30,"column":0},"end":{"line":30,"column":55}},"30":{"start":{"line":31,"column":0},"end":{"line":31,"column":29}},"31":{"start":{"line":32,"column":0},"end":{"line":32,"column":4}},"32":{"start":{"line":33,"column":0},"end":{"line":33,"column":73}},"34":{"start":{"line":35,"column":0},"end":{"line":35,"column":8}},"35":{"start":{"line":36,"column":0},"end":{"line":36,"column":69}},"37":{"start":{"line":38,"column":0},"end":{"line":38,"column":8}},"41":{"start":{"line":42,"column":0},"end":{"line":42,"column":19}},"42":{"start":{"line":43,"column":0},"end":{"line":43,"column":59}},"43":{"start":{"line":44,"column":0},"end":{"line":44,"column":52}},"44":{"start":{"line":45,"column":0},"end":{"line":45,"column":13}},"45":{"start":{"line":46,"column":0},"end":{"line":46,"column":5}},"47":{"start":{"line":48,"column":0},"end":{"line":48,"column":56}},"48":{"start":{"line":49,"column":0},"end":{"line":49,"column":26}},"49":{"start":{"line":50,"column":0},"end":{"line":50,"column":23}},"50":{"start":{"line":51,"column":0},"end":{"line":51,"column":25}},"51":{"start":{"line":52,"column":0},"end":{"line":52,"column":56}},"52":{"start":{"line":53,"column":0},"end":{"line":53,"column":79}},"54":{"start":{"line":55,"column":0},"end":{"line":55,"column":27}},"55":{"start":{"line":56,"column":0},"end":{"line":56,"column":36}},"56":{"start":{"line":57,"column":0},"end":{"line":57,"column":65}},"57":{"start":{"line":58,"column":0},"end":{"line":58,"column":43}},"58":{"start":{"line":59,"column":0},"end":{"line":59,"column":7}},"60":{"start":{"line":61,"column":0},"end":{"line":61,"column":39}},"61":{"start":{"line":62,"column":0},"end":{"line":62,"column":60}},"63":{"start":{"line":64,"column":0},"end":{"line":64,"column":19}},"64":{"start":{"line":65,"column":0},"end":{"line":65,"column":40}},"65":{"start":{"line":66,"column":0},"end":{"line":66,"column":35}},"66":{"start":{"line":67,"column":0},"end":{"line":67,"column":13}},"67":{"start":{"line":68,"column":0},"end":{"line":68,"column":5}},"69":{"start":{"line":70,"column":0},"end":{"line":70,"column":40}},"71":{"start":{"line":72,"column":0},"end":{"line":72,"column":36}},"72":{"start":{"line":73,"column":0},"end":{"line":73,"column":14}},"73":{"start":{"line":74,"column":0},"end":{"line":74,"column":18}},"74":{"start":{"line":75,"column":0},"end":{"line":75,"column":41}},"75":{"start":{"line":76,"column":0},"end":{"line":76,"column":42}},"76":{"start":{"line":77,"column":0},"end":{"line":77,"column":39}},"77":{"start":{"line":78,"column":0},"end":{"line":78,"column":70}},"78":{"start":{"line":79,"column":0},"end":{"line":79,"column":7}},"79":{"start":{"line":80,"column":0},"end":{"line":80,"column":24}},"80":{"start":{"line":81,"column":0},"end":{"line":81,"column":17}},"81":{"start":{"line":82,"column":0},"end":{"line":82,"column":28}},"82":{"start":{"line":83,"column":0},"end":{"line":83,"column":14}},"83":{"start":{"line":84,"column":0},"end":{"line":84,"column":14}},"84":{"start":{"line":85,"column":0},"end":{"line":85,"column":33}},"85":{"start":{"line":86,"column":0},"end":{"line":86,"column":34}},"86":{"start":{"line":87,"column":0},"end":{"line":87,"column":10}},"87":{"start":{"line":88,"column":0},"end":{"line":88,"column":9}},"88":{"start":{"line":89,"column":0},"end":{"line":89,"column":46}},"89":{"start":{"line":90,"column":0},"end":{"line":90,"column":19}},"91":{"start":{"line":92,"column":0},"end":{"line":92,"column":37}},"92":{"start":{"line":93,"column":0},"end":{"line":93,"column":58}},"94":{"start":{"line":95,"column":0},"end":{"line":95,"column":19}},"95":{"start":{"line":96,"column":0},"end":{"line":96,"column":32}},"96":{"start":{"line":97,"column":0},"end":{"line":97,"column":45}},"97":{"start":{"line":98,"column":0},"end":{"line":98,"column":26}},"98":{"start":{"line":99,"column":0},"end":{"line":99,"column":33}},"99":{"start":{"line":100,"column":0},"end":{"line":100,"column":6}},"101":{"start":{"line":102,"column":0},"end":{"line":102,"column":19}},"102":{"start":{"line":103,"column":0},"end":{"line":103,"column":52}},"103":{"start":{"line":104,"column":0},"end":{"line":104,"column":68}},"104":{"start":{"line":105,"column":0},"end":{"line":105,"column":9}},"108":{"start":{"line":109,"column":0},"end":{"line":109,"column":10}},"109":{"start":{"line":110,"column":0},"end":{"line":110,"column":22}},"110":{"start":{"line":111,"column":0},"end":{"line":111,"column":14}},"111":{"start":{"line":112,"column":0},"end":{"line":112,"column":27}},"112":{"start":{"line":113,"column":0},"end":{"line":113,"column":30}},"113":{"start":{"line":114,"column":0},"end":{"line":114,"column":25}},"114":{"start":{"line":115,"column":0},"end":{"line":115,"column":28}},"115":{"start":{"line":116,"column":0},"end":{"line":116,"column":36}},"116":{"start":{"line":117,"column":0},"end":{"line":117,"column":21}},"117":{"start":{"line":118,"column":0},"end":{"line":118,"column":24}},"118":{"start":{"line":119,"column":0},"end":{"line":119,"column":19}},"119":{"start":{"line":120,"column":0},"end":{"line":120,"column":22}},"120":{"start":{"line":121,"column":0},"end":{"line":121,"column":8}},"122":{"start":{"line":123,"column":0},"end":{"line":123,"column":56}},"123":{"start":{"line":124,"column":0},"end":{"line":124,"column":28}},"124":{"start":{"line":125,"column":0},"end":{"line":125,"column":79}},"127":{"start":{"line":128,"column":0},"end":{"line":128,"column":12}},"128":{"start":{"line":129,"column":0},"end":{"line":129,"column":49}},"129":{"start":{"line":130,"column":0},"end":{"line":130,"column":18}},"130":{"start":{"line":131,"column":0},"end":{"line":131,"column":24}},"131":{"start":{"line":132,"column":0},"end":{"line":132,"column":77}},"132":{"start":{"line":133,"column":0},"end":{"line":133,"column":25}},"133":{"start":{"line":134,"column":0},"end":{"line":134,"column":20}},"134":{"start":{"line":135,"column":0},"end":{"line":135,"column":12}},"136":{"start":{"line":137,"column":0},"end":{"line":137,"column":14}},"137":{"start":{"line":138,"column":0},"end":{"line":138,"column":79}},"138":{"start":{"line":139,"column":0},"end":{"line":139,"column":20}},"139":{"start":{"line":140,"column":0},"end":{"line":140,"column":74}},"140":{"start":{"line":141,"column":0},"end":{"line":141,"column":14}},"142":{"start":{"line":143,"column":0},"end":{"line":143,"column":48}},"143":{"start":{"line":144,"column":0},"end":{"line":144,"column":72}},"144":{"start":{"line":145,"column":0},"end":{"line":145,"column":20}},"145":{"start":{"line":146,"column":0},"end":{"line":146,"column":32}},"146":{"start":{"line":147,"column":0},"end":{"line":147,"column":33}},"147":{"start":{"line":148,"column":0},"end":{"line":148,"column":56}},"148":{"start":{"line":149,"column":0},"end":{"line":149,"column":18}},"149":{"start":{"line":150,"column":0},"end":{"line":150,"column":20}},"150":{"start":{"line":151,"column":0},"end":{"line":151,"column":65}},"151":{"start":{"line":152,"column":0},"end":{"line":152,"column":26}},"152":{"start":{"line":153,"column":0},"end":{"line":153,"column":42}},"153":{"start":{"line":154,"column":0},"end":{"line":154,"column":20}},"154":{"start":{"line":155,"column":0},"end":{"line":155,"column":17}},"156":{"start":{"line":157,"column":0},"end":{"line":157,"column":22}},"157":{"start":{"line":158,"column":0},"end":{"line":158,"column":20}},"160":{"start":{"line":161,"column":0},"end":{"line":161,"column":45}},"161":{"start":{"line":162,"column":0},"end":{"line":162,"column":18}},"162":{"start":{"line":163,"column":0},"end":{"line":163,"column":32}},"163":{"start":{"line":164,"column":0},"end":{"line":164,"column":31}},"164":{"start":{"line":165,"column":0},"end":{"line":165,"column":55}},"165":{"start":{"line":166,"column":0},"end":{"line":166,"column":55}},"166":{"start":{"line":167,"column":0},"end":{"line":167,"column":16}},"168":{"start":{"line":169,"column":0},"end":{"line":169,"column":16}},"170":{"start":{"line":171,"column":0},"end":{"line":171,"column":51}},"171":{"start":{"line":172,"column":0},"end":{"line":172,"column":24}},"172":{"start":{"line":173,"column":0},"end":{"line":173,"column":16}},"173":{"start":{"line":174,"column":0},"end":{"line":174,"column":72}},"174":{"start":{"line":175,"column":0},"end":{"line":175,"column":74}},"175":{"start":{"line":176,"column":0},"end":{"line":176,"column":72}},"176":{"start":{"line":177,"column":0},"end":{"line":177,"column":71}},"177":{"start":{"line":178,"column":0},"end":{"line":178,"column":72}},"178":{"start":{"line":179,"column":0},"end":{"line":179,"column":69}},"179":{"start":{"line":180,"column":0},"end":{"line":180,"column":17}},"181":{"start":{"line":182,"column":0},"end":{"line":182,"column":28}},"182":{"start":{"line":183,"column":0},"end":{"line":183,"column":28}},"183":{"start":{"line":184,"column":0},"end":{"line":184,"column":48}},"184":{"start":{"line":185,"column":0},"end":{"line":185,"column":45}},"185":{"start":{"line":186,"column":0},"end":{"line":186,"column":43}},"187":{"start":{"line":188,"column":0},"end":{"line":188,"column":16}},"189":{"start":{"line":190,"column":0},"end":{"line":190,"column":16}},"190":{"start":{"line":191,"column":0},"end":{"line":191,"column":14}},"191":{"start":{"line":192,"column":0},"end":{"line":192,"column":12}},"192":{"start":{"line":193,"column":0},"end":{"line":193,"column":24}},"194":{"start":{"line":195,"column":0},"end":{"line":195,"column":1}}},"s":{"0":1,"1":1,"2":1,"3":1,"4":1,"5":1,"6":1,"8":1,"9":1,"13":6,"16":6,"17":6,"18":6,"19":6,"20":6,"24":6,"25":6,"26":6,"27":6,"28":6,"29":6,"30":6,"31":6,"32":6,"34":6,"35":6,"37":6,"41":6,"42":3,"43":3,"44":3,"45":3,"47":0,"48":0,"49":0,"50":0,"51":0,"52":0,"54":0,"55":0,"56":0,"57":0,"58":0,"60":0,"61":6,"63":6,"64":3,"65":3,"66":3,"67":3,"69":0,"71":0,"72":0,"73":0,"74":0,"75":0,"76":0,"77":0,"78":0,"79":0,"80":0,"81":0,"82":0,"83":0,"84":0,"85":0,"86":0,"87":0,"88":0,"89":0,"91":0,"92":6,"94":6,"95":3,"96":3,"97":3,"98":3,"99":3,"101":3,"102":3,"103":3,"104":6,"108":6,"109":6,"110":6,"111":6,"112":6,"113":6,"114":6,"115":6,"116":6,"117":6,"118":6,"119":6,"120":6,"122":6,"123":6,"124":6,"127":6,"128":6,"129":6,"130":6,"131":6,"132":6,"133":0,"134":6,"136":6,"137":6,"138":6,"139":6,"140":6,"142":6,"143":6,"144":6,"145":6,"146":6,"147":6,"148":6,"149":6,"150":6,"151":6,"152":6,"153":6,"154":6,"156":6,"157":6,"160":6,"161":0,"162":0,"163":0,"164":0,"165":0,"166":0,"168":6,"170":6,"171":6,"172":2,"173":2,"174":2,"175":2,"176":2,"177":2,"178":2,"179":2,"181":4,"182":4,"183":4,"184":4,"185":0,"187":4,"189":6,"190":6,"191":6,"192":6,"194":6},"branchMap":{"0":{"type":"branch","line":14,"loc":{"start":{"line":14,"column":0},"end":{"line":195,"column":1}},"locations":[{"start":{"line":14,"column":0},"end":{"line":195,"column":1}}]},"1":{"type":"branch","line":132,"loc":{"start":{"line":132,"column":28},"end":{"line":132,"column":77}},"locations":[{"start":{"line":132,"column":28},"end":{"line":132,"column":77}}]},"2":{"type":"branch","line":133,"loc":{"start":{"line":133,"column":18},"end":{"line":134,"column":20}},"locations":[{"start":{"line":133,"column":18},"end":{"line":134,"column":20}}]},"3":{"type":"branch","line":140,"loc":{"start":{"line":140,"column":47},"end":{"line":140,"column":74}},"locations":[{"start":{"line":140,"column":47},"end":{"line":140,"column":74}}]},"4":{"type":"branch","line":143,"loc":{"start":{"line":143,"column":15},"end":{"line":143,"column":48}},"locations":[{"start":{"line":143,"column":15},"end":{"line":143,"column":48}}]},"5":{"type":"branch","line":161,"loc":{"start":{"line":161,"column":13},"end":{"line":161,"column":45}},"locations":[{"start":{"line":161,"column":13},"end":{"line":161,"column":45}}]},"6":{"type":"branch","line":161,"loc":{"start":{"line":161,"column":26},"end":{"line":167,"column":16}},"locations":[{"start":{"line":161,"column":26},"end":{"line":167,"column":16}}]},"7":{"type":"branch","line":172,"loc":{"start":{"line":172,"column":13},"end":{"line":180,"column":17}},"locations":[{"start":{"line":172,"column":13},"end":{"line":180,"column":17}}]},"8":{"type":"branch","line":180,"loc":{"start":{"line":180,"column":14},"end":{"line":188,"column":16}},"locations":[{"start":{"line":180,"column":14},"end":{"line":188,"column":16}}]},"9":{"type":"branch","line":185,"loc":{"start":{"line":185,"column":22},"end":{"line":186,"column":43}},"locations":[{"start":{"line":185,"column":22},"end":{"line":186,"column":43}}]},"10":{"type":"branch","line":42,"loc":{"start":{"line":42,"column":12},"end":{"line":62,"column":5}},"locations":[{"start":{"line":42,"column":12},"end":{"line":62,"column":5}}]},"11":{"type":"branch","line":46,"loc":{"start":{"line":46,"column":4},"end":{"line":61,"column":39}},"locations":[{"start":{"line":46,"column":4},"end":{"line":61,"column":39}}]},"12":{"type":"branch","line":64,"loc":{"start":{"line":64,"column":12},"end":{"line":93,"column":5}},"locations":[{"start":{"line":64,"column":12},"end":{"line":93,"column":5}}]},"13":{"type":"branch","line":68,"loc":{"start":{"line":68,"column":4},"end":{"line":92,"column":37}},"locations":[{"start":{"line":68,"column":4},"end":{"line":92,"column":37}}]},"14":{"type":"branch","line":95,"loc":{"start":{"line":95,"column":12},"end":{"line":105,"column":5}},"locations":[{"start":{"line":95,"column":12},"end":{"line":105,"column":5}}]},"15":{"type":"branch","line":96,"loc":{"start":{"line":96,"column":25},"end":{"line":100,"column":6}},"locations":[{"start":{"line":96,"column":25},"end":{"line":100,"column":6}}]},"16":{"type":"branch","line":104,"loc":{"start":{"line":104,"column":11},"end":{"line":104,"column":68}},"locations":[{"start":{"line":104,"column":11},"end":{"line":104,"column":68}}]}},"b":{"0":[6],"1":[0],"2":[0],"3":[0],"4":[0],"5":[0],"6":[0],"7":[2],"8":[4],"9":[0],"10":[3],"11":[0],"12":[3],"13":[0],"14":[3],"15":[3],"16":[3]},"fnMap":{"0":{"name":"FoodTruck","decl":{"start":{"line":14,"column":0},"end":{"line":195,"column":1}},"loc":{"start":{"line":14,"column":0},"end":{"line":195,"column":1}},"line":14},"1":{"name":"handleResize","decl":{"start":{"line":96,"column":25},"end":{"line":100,"column":6}},"loc":{"start":{"line":96,"column":25},"end":{"line":100,"column":6}},"line":96},"2":{"name":"onClick","decl":{"start":{"line":165,"column":25},"end":{"line":165,"column":55}},"loc":{"start":{"line":165,"column":25},"end":{"line":165,"column":55}},"line":165}},"f":{"0":6,"1":3,"2":0}}
,"/Users/davidcibin/food-truck-frontend/src/components/FoodTruckList.tsx": {"path":"/Users/davidcibin/food-truck-frontend/src/components/FoodTruckList.tsx","all":false,"statementMap":{"0":{"start":{"line":1,"column":0},"end":{"line":1,"column":71}},"19":{"start":{"line":20,"column":0},"end":{"line":20,"column":34}},"20":{"start":{"line":21,"column":0},"end":{"line":21,"column":20}},"21":{"start":{"line":22,"column":0},"end":{"line":22,"column":16}},"22":{"start":{"line":23,"column":0},"end":{"line":23,"column":17}},"23":{"start":{"line":24,"column":0},"end":{"line":24,"column":17}},"24":{"start":{"line":25,"column":0},"end":{"line":25,"column":18}},"25":{"start":{"line":26,"column":0},"end":{"line":26,"column":17}},"26":{"start":{"line":27,"column":0},"end":{"line":27,"column":20}},"27":{"start":{"line":28,"column":0},"end":{"line":28,"column":2}},"31":{"start":{"line":32,"column":0},"end":{"line":32,"column":24}},"32":{"start":{"line":33,"column":0},"end":{"line":33,"column":13}},"33":{"start":{"line":34,"column":0},"end":{"line":34,"column":37}},"36":{"start":{"line":37,"column":0},"end":{"line":37,"column":70}},"37":{"start":{"line":38,"column":0},"end":{"line":38,"column":66}},"38":{"start":{"line":39,"column":0},"end":{"line":39,"column":3}},"42":{"start":{"line":43,"column":0},"end":{"line":43,"column":10}},"43":{"start":{"line":44,"column":0},"end":{"line":44,"column":8}},"44":{"start":{"line":45,"column":0},"end":{"line":45,"column":53}},"45":{"start":{"line":46,"column":0},"end":{"line":46,"column":35}},"47":{"start":{"line":48,"column":0},"end":{"line":48,"column":34}},"48":{"start":{"line":49,"column":0},"end":{"line":49,"column":40}},"50":{"start":{"line":51,"column":0},"end":{"line":51,"column":19}},"51":{"start":{"line":52,"column":0},"end":{"line":52,"column":67}},"52":{"start":{"line":53,"column":0},"end":{"line":53,"column":40}},"53":{"start":{"line":54,"column":0},"end":{"line":54,"column":65}},"54":{"start":{"line":55,"column":0},"end":{"line":55,"column":45}},"55":{"start":{"line":56,"column":0},"end":{"line":56,"column":23}},"56":{"start":{"line":57,"column":0},"end":{"line":57,"column":60}},"57":{"start":{"line":58,"column":0},"end":{"line":58,"column":49}},"59":{"start":{"line":60,"column":0},"end":{"line":60,"column":78}},"60":{"start":{"line":61,"column":0},"end":{"line":61,"column":34}},"61":{"start":{"line":62,"column":0},"end":{"line":62,"column":58}},"62":{"start":{"line":63,"column":0},"end":{"line":63,"column":43}},"63":{"start":{"line":64,"column":0},"end":{"line":64,"column":31}},"64":{"start":{"line":65,"column":0},"end":{"line":65,"column":35}},"65":{"start":{"line":66,"column":0},"end":{"line":66,"column":69}},"66":{"start":{"line":67,"column":0},"end":{"line":67,"column":61}},"67":{"start":{"line":68,"column":0},"end":{"line":68,"column":62}},"68":{"start":{"line":69,"column":0},"end":{"line":69,"column":31}},"69":{"start":{"line":70,"column":0},"end":{"line":70,"column":29}},"70":{"start":{"line":71,"column":0},"end":{"line":71,"column":58}},"71":{"start":{"line":72,"column":0},"end":{"line":72,"column":34}},"72":{"start":{"line":73,"column":0},"end":{"line":73,"column":70}},"73":{"start":{"line":74,"column":0},"end":{"line":74,"column":28}},"74":{"start":{"line":75,"column":0},"end":{"line":75,"column":32}},"75":{"start":{"line":76,"column":0},"end":{"line":76,"column":34}},"76":{"start":{"line":77,"column":0},"end":{"line":77,"column":64}},"77":{"start":{"line":78,"column":0},"end":{"line":78,"column":41}},"78":{"start":{"line":79,"column":0},"end":{"line":79,"column":34}},"79":{"start":{"line":80,"column":0},"end":{"line":80,"column":32}},"80":{"start":{"line":81,"column":0},"end":{"line":81,"column":33}},"81":{"start":{"line":82,"column":0},"end":{"line":82,"column":75}},"82":{"start":{"line":83,"column":0},"end":{"line":83,"column":34}},"83":{"start":{"line":84,"column":0},"end":{"line":84,"column":25}},"84":{"start":{"line":85,"column":0},"end":{"line":85,"column":28}},"85":{"start":{"line":86,"column":0},"end":{"line":86,"column":20}},"86":{"start":{"line":87,"column":0},"end":{"line":87,"column":15}},"87":{"start":{"line":88,"column":0},"end":{"line":88,"column":16}},"88":{"start":{"line":89,"column":0},"end":{"line":89,"column":20}},"90":{"start":{"line":91,"column":0},"end":{"line":91,"column":10}},"92":{"start":{"line":93,"column":0},"end":{"line":93,"column":1}},"94":{"start":{"line":95,"column":0},"end":{"line":95,"column":28}}},"s":{"0":1,"19":1,"20":1,"21":1,"22":1,"23":1,"24":1,"25":1,"26":1,"27":1,"31":8,"32":8,"33":8,"36":8,"37":18,"38":18,"42":8,"43":8,"44":8,"45":8,"47":8,"48":2,"50":6,"51":6,"52":6,"53":18,"54":18,"55":18,"56":18,"57":18,"59":18,"60":18,"61":18,"62":18,"63":18,"64":18,"65":18,"66":18,"67":18,"68":18,"69":18,"70":18,"71":18,"72":18,"73":18,"74":18,"75":18,"76":18,"77":18,"78":18,"79":18,"80":18,"81":18,"82":18,"83":18,"84":18,"85":18,"86":6,"87":6,"88":6,"90":8,"92":8,"94":1},"branchMap":{"0":{"type":"branch","line":32,"loc":{"start":{"line":32,"column":0},"end":{"line":93,"column":1}},"locations":[{"start":{"line":32,"column":0},"end":{"line":93,"column":1}}]},"1":{"type":"branch","line":48,"loc":{"start":{"line":48,"column":29},"end":{"line":49,"column":40}},"locations":[{"start":{"line":48,"column":29},"end":{"line":49,"column":40}}]},"2":{"type":"branch","line":49,"loc":{"start":{"line":49,"column":34},"end":{"line":89,"column":20}},"locations":[{"start":{"line":49,"column":34},"end":{"line":89,"column":20}}]},"3":{"type":"branch","line":37,"loc":{"start":{"line":37,"column":2},"end":{"line":39,"column":3}},"locations":[{"start":{"line":37,"column":2},"end":{"line":39,"column":3}}]},"4":{"type":"branch","line":38,"loc":{"start":{"line":38,"column":58},"end":{"line":38,"column":66}},"locations":[{"start":{"line":38,"column":58},"end":{"line":38,"column":66}}]},"5":{"type":"branch","line":53,"loc":{"start":{"line":53,"column":28},"end":{"line":86,"column":20}},"locations":[{"start":{"line":53,"column":28},"end":{"line":86,"column":20}}]}},"b":{"0":[8],"1":[2],"2":[6],"3":[18],"4":[0],"5":[18]},"fnMap":{"0":{"name":"FoodTruckList","decl":{"start":{"line":32,"column":0},"end":{"line":93,"column":1}},"loc":{"start":{"line":32,"column":0},"end":{"line":93,"column":1}},"line":32},"1":{"name":"getBgColor","decl":{"start":{"line":37,"column":2},"end":{"line":39,"column":3}},"loc":{"start":{"line":37,"column":2},"end":{"line":39,"column":3}},"line":37}},"f":{"0":8,"1":18}}
,"/Users/davidcibin/food-truck-frontend/src/components/SearchByGeolocation.tsx": {"path":"/Users/davidcibin/food-truck-frontend/src/components/SearchByGeolocation.tsx","all":false,"statementMap":{"0":{"start":{"line":1,"column":0},"end":{"line":1,"column":44}},"1":{"start":{"line":2,"column":0},"end":{"line":2,"column":54}},"2":{"start":{"line":3,"column":0},"end":{"line":3,"column":59}},"6":{"start":{"line":7,"column":0},"end":{"line":7,"column":60}},"9":{"start":{"line":10,"column":0},"end":{"line":10,"column":67}},"13":{"start":{"line":14,"column":0},"end":{"line":14,"column":37}},"14":{"start":{"line":15,"column":0},"end":{"line":15,"column":37}},"15":{"start":{"line":16,"column":0},"end":{"line":16,"column":45}},"19":{"start":{"line":20,"column":0},"end":{"line":20,"column":67}},"20":{"start":{"line":21,"column":0},"end":{"line":21,"column":32}},"21":{"start":{"line":22,"column":0},"end":{"line":22,"column":33}},"22":{"start":{"line":23,"column":0},"end":{"line":23,"column":64}},"23":{"start":{"line":24,"column":0},"end":{"line":24,"column":66}},"24":{"start":{"line":25,"column":0},"end":{"line":25,"column":16}},"25":{"start":{"line":26,"column":0},"end":{"line":26,"column":4}},"27":{"start":{"line":28,"column":0},"end":{"line":28,"column":45}},"28":{"start":{"line":29,"column":0},"end":{"line":29,"column":39}},"29":{"start":{"line":30,"column":0},"end":{"line":30,"column":41}},"30":{"start":{"line":31,"column":0},"end":{"line":31,"column":4}},"32":{"start":{"line":33,"column":0},"end":{"line":33,"column":30}},"33":{"start":{"line":34,"column":0},"end":{"line":34,"column":19}},"35":{"start":{"line":36,"column":0},"end":{"line":36,"column":75}},"36":{"start":{"line":37,"column":0},"end":{"line":37,"column":70}},"37":{"start":{"line":38,"column":0},"end":{"line":38,"column":13}},"38":{"start":{"line":39,"column":0},"end":{"line":39,"column":5}},"40":{"start":{"line":41,"column":0},"end":{"line":41,"column":59}},"41":{"start":{"line":42,"column":0},"end":{"line":42,"column":17}},"42":{"start":{"line":43,"column":0},"end":{"line":43,"column":76}},"43":{"start":{"line":44,"column":0},"end":{"line":44,"column":8}},"44":{"start":{"line":45,"column":0},"end":{"line":45,"column":13}},"45":{"start":{"line":46,"column":0},"end":{"line":46,"column":5}},"47":{"start":{"line":48,"column":0},"end":{"line":48,"column":52}},"48":{"start":{"line":49,"column":0},"end":{"line":49,"column":4}},"50":{"start":{"line":51,"column":0},"end":{"line":51,"column":29}},"51":{"start":{"line":52,"column":0},"end":{"line":52,"column":15}},"52":{"start":{"line":53,"column":0},"end":{"line":53,"column":15}},"53":{"start":{"line":54,"column":0},"end":{"line":54,"column":19}},"54":{"start":{"line":55,"column":0},"end":{"line":55,"column":28}},"55":{"start":{"line":56,"column":0},"end":{"line":56,"column":4}},"59":{"start":{"line":60,"column":0},"end":{"line":60,"column":19}},"60":{"start":{"line":61,"column":0},"end":{"line":61,"column":56}},"61":{"start":{"line":62,"column":0},"end":{"line":62,"column":53}},"62":{"start":{"line":63,"column":0},"end":{"line":63,"column":31}},"63":{"start":{"line":64,"column":0},"end":{"line":64,"column":32}},"64":{"start":{"line":65,"column":0},"end":{"line":65,"column":5}},"65":{"start":{"line":66,"column":0},"end":{"line":66,"column":51}},"69":{"start":{"line":70,"column":0},"end":{"line":70,"column":10}},"70":{"start":{"line":71,"column":0},"end":{"line":71,"column":35}},"71":{"start":{"line":72,"column":0},"end":{"line":72,"column":12}},"72":{"start":{"line":73,"column":0},"end":{"line":73,"column":37}},"73":{"start":{"line":74,"column":0},"end":{"line":74,"column":62}},"74":{"start":{"line":75,"column":0},"end":{"line":75,"column":23}},"75":{"start":{"line":76,"column":0},"end":{"line":76,"column":23}},"76":{"start":{"line":77,"column":0},"end":{"line":77,"column":52}},"77":{"start":{"line":78,"column":0},"end":{"line":78,"column":23}},"78":{"start":{"line":79,"column":0},"end":{"line":79,"column":52}},"79":{"start":{"line":80,"column":0},"end":{"line":80,"column":25}},"80":{"start":{"line":81,"column":0},"end":{"line":81,"column":12}},"81":{"start":{"line":82,"column":0},"end":{"line":82,"column":21}},"83":{"start":{"line":84,"column":0},"end":{"line":84,"column":37}},"84":{"start":{"line":85,"column":0},"end":{"line":85,"column":64}},"85":{"start":{"line":86,"column":0},"end":{"line":86,"column":23}},"86":{"start":{"line":87,"column":0},"end":{"line":87,"column":23}},"87":{"start":{"line":88,"column":0},"end":{"line":88,"column":55}},"88":{"start":{"line":89,"column":0},"end":{"line":89,"column":23}},"89":{"start":{"line":90,"column":0},"end":{"line":90,"column":52}},"90":{"start":{"line":91,"column":0},"end":{"line":91,"column":26}},"91":{"start":{"line":92,"column":0},"end":{"line":92,"column":12}},"92":{"start":{"line":93,"column":0},"end":{"line":93,"column":21}},"94":{"start":{"line":95,"column":0},"end":{"line":95,"column":21}},"95":{"start":{"line":96,"column":0},"end":{"line":96,"column":52}},"96":{"start":{"line":97,"column":0},"end":{"line":97,"column":21}},"97":{"start":{"line":98,"column":0},"end":{"line":98,"column":18}},"100":{"start":{"line":101,"column":0},"end":{"line":101,"column":41}},"101":{"start":{"line":102,"column":0},"end":{"line":102,"column":60}},"103":{"start":{"line":104,"column":0},"end":{"line":104,"column":19}},"104":{"start":{"line":105,"column":0},"end":{"line":105,"column":59}},"106":{"start":{"line":107,"column":0},"end":{"line":107,"column":19}},"107":{"start":{"line":108,"column":0},"end":{"line":108,"column":14}},"108":{"start":{"line":109,"column":0},"end":{"line":109,"column":13}},"109":{"start":{"line":110,"column":0},"end":{"line":110,"column":10}},"111":{"start":{"line":112,"column":0},"end":{"line":112,"column":1}}},"s":{"0":1,"1":1,"2":1,"6":19,"9":19,"13":19,"14":19,"15":19,"19":19,"20":6,"21":6,"22":6,"23":6,"24":4,"25":6,"27":19,"28":3,"29":3,"30":3,"32":19,"33":4,"35":4,"36":2,"37":2,"38":2,"40":4,"41":1,"42":1,"43":1,"44":1,"45":1,"47":1,"48":4,"50":19,"51":0,"52":0,"53":0,"54":0,"55":0,"59":19,"60":15,"61":0,"62":0,"63":0,"64":0,"65":19,"69":19,"70":19,"71":19,"72":19,"73":19,"74":19,"75":19,"76":19,"77":19,"78":19,"79":19,"80":19,"81":19,"83":19,"84":19,"85":19,"86":19,"87":19,"88":19,"89":19,"90":19,"91":19,"92":19,"94":19,"95":3,"96":3,"97":3,"100":19,"101":19,"103":19,"104":19,"106":19,"107":19,"108":19,"109":19,"111":19},"branchMap":{"0":{"type":"branch","line":7,"loc":{"start":{"line":7,"column":0},"end":{"line":112,"column":1}},"locations":[{"start":{"line":7,"column":0},"end":{"line":112,"column":1}}]},"1":{"type":"branch","line":95,"loc":{"start":{"line":95,"column":9},"end":{"line":98,"column":18}},"locations":[{"start":{"line":95,"column":9},"end":{"line":98,"column":18}}]},"2":{"type":"branch","line":20,"loc":{"start":{"line":20,"column":28},"end":{"line":26,"column":4}},"locations":[{"start":{"line":20,"column":28},"end":{"line":26,"column":4}}]},"3":{"type":"branch","line":22,"loc":{"start":{"line":22,"column":20},"end":{"line":22,"column":33}},"locations":[{"start":{"line":22,"column":20},"end":{"line":22,"column":33}}]},"4":{"type":"branch","line":22,"loc":{"start":{"line":22,"column":27},"end":{"line":23,"column":27}},"locations":[{"start":{"line":22,"column":27},"end":{"line":23,"column":27}}]},"5":{"type":"branch","line":23,"loc":{"start":{"line":23,"column":17},"end":{"line":23,"column":51}},"locations":[{"start":{"line":23,"column":17},"end":{"line":23,"column":51}}]},"6":{"type":"branch","line":23,"loc":{"start":{"line":23,"column":51},"end":{"line":23,"column":64}},"locations":[{"start":{"line":23,"column":51},"end":{"line":23,"column":64}}]},"7":{"type":"branch","line":23,"loc":{"start":{"line":23,"column":58},"end":{"line":24,"column":27}},"locations":[{"start":{"line":23,"column":58},"end":{"line":24,"column":27}}]},"8":{"type":"branch","line":24,"loc":{"start":{"line":24,"column":17},"end":{"line":24,"column":53}},"locations":[{"start":{"line":24,"column":17},"end":{"line":24,"column":53}}]},"9":{"type":"branch","line":24,"loc":{"start":{"line":24,"column":53},"end":{"line":24,"column":66}},"locations":[{"start":{"line":24,"column":53},"end":{"line":24,"column":66}}]},"10":{"type":"branch","line":24,"loc":{"start":{"line":24,"column":60},"end":{"line":25,"column":16}},"locations":[{"start":{"line":24,"column":60},"end":{"line":25,"column":16}}]},"11":{"type":"branch","line":28,"loc":{"start":{"line":28,"column":27},"end":{"line":31,"column":4}},"locations":[{"start":{"line":28,"column":27},"end":{"line":31,"column":4}}]},"12":{"type":"branch","line":33,"loc":{"start":{"line":33,"column":23},"end":{"line":49,"column":4}},"locations":[{"start":{"line":33,"column":23},"end":{"line":49,"column":4}}]},"13":{"type":"branch","line":36,"loc":{"start":{"line":36,"column":37},"end":{"line":36,"column":74}},"locations":[{"start":{"line":36,"column":37},"end":{"line":36,"column":74}}]},"14":{"type":"branch","line":36,"loc":{"start":{"line":36,"column":74},"end":{"line":41,"column":34}},"locations":[{"start":{"line":36,"column":74},"end":{"line":41,"column":34}}]},"15":{"type":"branch","line":41,"loc":{"start":{"line":41,"column":29},"end":{"line":41,"column":58}},"locations":[{"start":{"line":41,"column":29},"end":{"line":41,"column":58}}]},"16":{"type":"branch","line":41,"loc":{"start":{"line":41,"column":58},"end":{"line":48,"column":52}},"locations":[{"start":{"line":41,"column":58},"end":{"line":48,"column":52}}]},"17":{"type":"branch","line":60,"loc":{"start":{"line":60,"column":12},"end":{"line":66,"column":5}},"locations":[{"start":{"line":60,"column":12},"end":{"line":66,"column":5}}]},"18":{"type":"branch","line":61,"loc":{"start":{"line":61,"column":9},"end":{"line":61,"column":24}},"locations":[{"start":{"line":61,"column":9},"end":{"line":61,"column":24}}]},"19":{"type":"branch","line":61,"loc":{"start":{"line":61,"column":17},"end":{"line":61,"column":55}},"locations":[{"start":{"line":61,"column":17},"end":{"line":61,"column":55}}]},"20":{"type":"branch","line":61,"loc":{"start":{"line":61,"column":55},"end":{"line":65,"column":5}},"locations":[{"start":{"line":61,"column":55},"end":{"line":65,"column":5}}]},"21":{"type":"branch","line":79,"loc":{"start":{"line":79,"column":22},"end":{"line":79,"column":52}},"locations":[{"start":{"line":79,"column":22},"end":{"line":79,"column":52}}]},"22":{"type":"branch","line":90,"loc":{"start":{"line":90,"column":22},"end":{"line":90,"column":52}},"locations":[{"start":{"line":90,"column":22},"end":{"line":90,"column":52}}]}},"b":{"0":[19],"1":[3],"2":[6],"3":[1],"4":[5],"5":[3],"6":[1],"7":[4],"8":[2],"9":[0],"10":[4],"11":[3],"12":[4],"13":[2],"14":[2],"15":[1],"16":[1],"17":[15],"18":[9],"19":[7],"20":[0],"21":[4],"22":[4]},"fnMap":{"0":{"name":"SearchByGeolocation","decl":{"start":{"line":7,"column":0},"end":{"line":112,"column":1}},"loc":{"start":{"line":7,"column":0},"end":{"line":112,"column":1}},"line":7},"1":{"name":"isValidCoordinate","decl":{"start":{"line":20,"column":28},"end":{"line":26,"column":4}},"loc":{"start":{"line":20,"column":28},"end":{"line":26,"column":4}},"line":20},"2":{"name":"hasThreeDecimals","decl":{"start":{"line":28,"column":27},"end":{"line":31,"column":4}},"loc":{"start":{"line":28,"column":27},"end":{"line":31,"column":4}},"line":28},"3":{"name":"handleSearch","decl":{"start":{"line":33,"column":23},"end":{"line":49,"column":4}},"loc":{"start":{"line":33,"column":23},"end":{"line":49,"column":4}},"line":33},"4":{"name":"handleClear","decl":{"start":{"line":51,"column":22},"end":{"line":56,"column":4}},"loc":{"start":{"line":51,"column":22},"end":{"line":56,"column":4}},"line":51},"5":{"name":"onChange","decl":{"start":{"line":79,"column":22},"end":{"line":79,"column":52}},"loc":{"start":{"line":79,"column":22},"end":{"line":79,"column":52}},"line":79},"6":{"name":"onChange","decl":{"start":{"line":90,"column":22},"end":{"line":90,"column":52}},"loc":{"start":{"line":90,"column":22},"end":{"line":90,"column":52}},"line":90}},"f":{"0":19,"1":6,"2":3,"3":4,"4":0,"5":4,"6":4}}
,"/Users/davidcibin/food-truck-frontend/src/components/SearchByNameOrAddress.tsx": {"path":"/Users/davidcibin/food-truck-frontend/src/components/SearchByNameOrAddress.tsx","all":false,"statementMap":{"0":{"start":{"line":1,"column":0},"end":{"line":1,"column":59}},"1":{"start":{"line":2,"column":0},"end":{"line":2,"column":39}},"5":{"start":{"line":6,"column":0},"end":{"line":6,"column":62}},"8":{"start":{"line":9,"column":0},"end":{"line":9,"column":71}},"12":{"start":{"line":13,"column":0},"end":{"line":13,"column":10}},"13":{"start":{"line":14,"column":0},"end":{"line":14,"column":54}},"14":{"start":{"line":15,"column":0},"end":{"line":15,"column":35}},"15":{"start":{"line":16,"column":0},"end":{"line":16,"column":21}},"16":{"start":{"line":17,"column":0},"end":{"line":17,"column":21}},"17":{"start":{"line":18,"column":0},"end":{"line":18,"column":45}},"18":{"start":{"line":19,"column":0},"end":{"line":19,"column":36}},"19":{"start":{"line":20,"column":0},"end":{"line":20,"column":65}},"20":{"start":{"line":21,"column":0},"end":{"line":21,"column":34}},"21":{"start":{"line":22,"column":0},"end":{"line":22,"column":10}},"22":{"start":{"line":23,"column":0},"end":{"line":23,"column":19}},"23":{"start":{"line":24,"column":0},"end":{"line":24,"column":10}},"25":{"start":{"line":26,"column":0},"end":{"line":26,"column":1}}},"s":{"0":1,"1":1,"5":5,"8":5,"12":5,"13":5,"14":5,"15":5,"16":5,"17":5,"18":5,"19":5,"20":5,"21":5,"22":5,"23":5,"25":5},"branchMap":{"0":{"type":"branch","line":6,"loc":{"start":{"line":6,"column":0},"end":{"line":26,"column":1}},"locations":[{"start":{"line":6,"column":0},"end":{"line":26,"column":1}}]},"1":{"type":"branch","line":20,"loc":{"start":{"line":20,"column":20},"end":{"line":20,"column":65}},"locations":[{"start":{"line":20,"column":20},"end":{"line":20,"column":65}}]}},"b":{"0":[5],"1":[4]},"fnMap":{"0":{"name":"SearchByNameOrAddress","decl":{"start":{"line":6,"column":0},"end":{"line":26,"column":1}},"loc":{"start":{"line":6,"column":0},"end":{"line":26,"column":1}},"line":6},"1":{"name":"onChange","decl":{"start":{"line":20,"column":20},"end":{"line":20,"column":65}},"loc":{"start":{"line":20,"column":20},"end":{"line":20,"column":65}},"line":20}},"f":{"0":5,"1":4}}
,"/Users/davidcibin/food-truck-frontend/src/components/Sidebar.tsx": {"path":"/Users/davidcibin/food-truck-frontend/src/components/Sidebar.tsx","all":false,"statementMap":{"0":{"start":{"line":1,"column":0},"end":{"line":1,"column":8}},"7":{"start":{"line":8,"column":0},"end":{"line":8,"column":39}},"8":{"start":{"line":9,"column":0},"end":{"line":9,"column":60}},"9":{"start":{"line":10,"column":0},"end":{"line":10,"column":42}},"10":{"start":{"line":11,"column":0},"end":{"line":11,"column":59}},"11":{"start":{"line":12,"column":0},"end":{"line":12,"column":56}},"12":{"start":{"line":13,"column":0},"end":{"line":13,"column":51}},"23":{"start":{"line":24,"column":0},"end":{"line":24,"column":33}},"24":{"start":{"line":25,"column":0},"end":{"line":25,"column":11}},"25":{"start":{"line":26,"column":0},"end":{"line":26,"column":20}},"26":{"start":{"line":27,"column":0},"end":{"line":27,"column":31}},"29":{"start":{"line":30,"column":0},"end":{"line":30,"column":67}},"30":{"start":{"line":31,"column":0},"end":{"line":31,"column":19}},"34":{"start":{"line":35,"column":0},"end":{"line":35,"column":46}},"38":{"start":{"line":39,"column":0},"end":{"line":39,"column":79}},"39":{"start":{"line":40,"column":0},"end":{"line":40,"column":75}},"43":{"start":{"line":44,"column":0},"end":{"line":44,"column":19}},"44":{"start":{"line":45,"column":0},"end":{"line":45,"column":41}},"45":{"start":{"line":46,"column":0},"end":{"line":46,"column":43}},"46":{"start":{"line":47,"column":0},"end":{"line":47,"column":12}},"47":{"start":{"line":48,"column":0},"end":{"line":48,"column":43}},"48":{"start":{"line":49,"column":0},"end":{"line":49,"column":37}},"49":{"start":{"line":50,"column":0},"end":{"line":50,"column":38}},"50":{"start":{"line":51,"column":0},"end":{"line":51,"column":33}},"51":{"start":{"line":52,"column":0},"end":{"line":52,"column":45}},"52":{"start":{"line":53,"column":0},"end":{"line":53,"column":14}},"53":{"start":{"line":54,"column":0},"end":{"line":54,"column":43}},"54":{"start":{"line":55,"column":0},"end":{"line":55,"column":7}},"55":{"start":{"line":56,"column":0},"end":{"line":56,"column":5}},"56":{"start":{"line":57,"column":0},"end":{"line":57,"column":6}},"57":{"start":{"line":58,"column":0},"end":{"line":58,"column":15}},"58":{"start":{"line":59,"column":0},"end":{"line":59,"column":24}},"59":{"start":{"line":60,"column":0},"end":{"line":60,"column":22}},"60":{"start":{"line":61,"column":0},"end":{"line":61,"column":20}},"61":{"start":{"line":62,"column":0},"end":{"line":62,"column":25}},"62":{"start":{"line":63,"column":0},"end":{"line":63,"column":5}},"66":{"start":{"line":67,"column":0},"end":{"line":67,"column":61}},"67":{"start":{"line":68,"column":0},"end":{"line":68,"column":41}},"68":{"start":{"line":69,"column":0},"end":{"line":69,"column":40}},"69":{"start":{"line":70,"column":0},"end":{"line":70,"column":12}},"70":{"start":{"line":71,"column":0},"end":{"line":71,"column":38}},"71":{"start":{"line":72,"column":0},"end":{"line":72,"column":5}},"72":{"start":{"line":73,"column":0},"end":{"line":73,"column":31}},"73":{"start":{"line":74,"column":0},"end":{"line":74,"column":4}},"77":{"start":{"line":78,"column":0},"end":{"line":78,"column":10}},"78":{"start":{"line":79,"column":0},"end":{"line":79,"column":101}},"79":{"start":{"line":80,"column":0},"end":{"line":80,"column":20}},"80":{"start":{"line":81,"column":0},"end":{"line":81,"column":80}},"81":{"start":{"line":82,"column":0},"end":{"line":82,"column":55}},"82":{"start":{"line":83,"column":0},"end":{"line":83,"column":14}},"83":{"start":{"line":84,"column":0},"end":{"line":84,"column":27}},"84":{"start":{"line":85,"column":0},"end":{"line":85,"column":28}},"85":{"start":{"line":86,"column":0},"end":{"line":86,"column":52}},"86":{"start":{"line":87,"column":0},"end":{"line":87,"column":46}},"87":{"start":{"line":88,"column":0},"end":{"line":88,"column":12}},"88":{"start":{"line":89,"column":0},"end":{"line":89,"column":14}},"91":{"start":{"line":92,"column":0},"end":{"line":92,"column":12}},"92":{"start":{"line":93,"column":0},"end":{"line":93,"column":37}},"93":{"start":{"line":94,"column":0},"end":{"line":94,"column":67}},"94":{"start":{"line":95,"column":0},"end":{"line":95,"column":15}},"95":{"start":{"line":96,"column":0},"end":{"line":96,"column":23}},"96":{"start":{"line":97,"column":0},"end":{"line":97,"column":26}},"97":{"start":{"line":98,"column":0},"end":{"line":98,"column":38}},"98":{"start":{"line":99,"column":0},"end":{"line":99,"column":31}},"99":{"start":{"line":100,"column":0},"end":{"line":100,"column":37}},"100":{"start":{"line":101,"column":0},"end":{"line":101,"column":35}},"101":{"start":{"line":102,"column":0},"end":{"line":102,"column":54}},"102":{"start":{"line":103,"column":0},"end":{"line":103,"column":61}},"103":{"start":{"line":104,"column":0},"end":{"line":104,"column":14}},"104":{"start":{"line":105,"column":0},"end":{"line":105,"column":23}},"105":{"start":{"line":106,"column":0},"end":{"line":106,"column":26}},"106":{"start":{"line":107,"column":0},"end":{"line":107,"column":37}},"107":{"start":{"line":108,"column":0},"end":{"line":108,"column":31}},"108":{"start":{"line":109,"column":0},"end":{"line":109,"column":44}},"109":{"start":{"line":110,"column":0},"end":{"line":110,"column":33}},"110":{"start":{"line":111,"column":0},"end":{"line":111,"column":52}},"111":{"start":{"line":112,"column":0},"end":{"line":112,"column":59}},"112":{"start":{"line":113,"column":0},"end":{"line":113,"column":14}},"113":{"start":{"line":114,"column":0},"end":{"line":114,"column":16}},"114":{"start":{"line":115,"column":0},"end":{"line":115,"column":21}},"115":{"start":{"line":116,"column":0},"end":{"line":116,"column":13}},"117":{"start":{"line":118,"column":0},"end":{"line":118,"column":41}},"118":{"start":{"line":119,"column":0},"end":{"line":119,"column":10}},"119":{"start":{"line":120,"column":0},"end":{"line":120,"column":35}},"120":{"start":{"line":121,"column":0},"end":{"line":121,"column":23}},"121":{"start":{"line":122,"column":0},"end":{"line":122,"column":33}},"122":{"start":{"line":123,"column":0},"end":{"line":123,"column":46}},"123":{"start":{"line":124,"column":0},"end":{"line":124,"column":54}},"124":{"start":{"line":125,"column":0},"end":{"line":125,"column":12}},"125":{"start":{"line":126,"column":0},"end":{"line":126,"column":11}},"127":{"start":{"line":128,"column":0},"end":{"line":128,"column":10}},"128":{"start":{"line":129,"column":0},"end":{"line":129,"column":33}},"129":{"start":{"line":130,"column":0},"end":{"line":130,"column":23}},"130":{"start":{"line":131,"column":0},"end":{"line":131,"column":33}},"131":{"start":{"line":132,"column":0},"end":{"line":132,"column":44}},"132":{"start":{"line":133,"column":0},"end":{"line":133,"column":54}},"133":{"start":{"line":134,"column":0},"end":{"line":134,"column":12}},"134":{"start":{"line":135,"column":0},"end":{"line":135,"column":11}},"136":{"start":{"line":137,"column":0},"end":{"line":137,"column":10}},"138":{"start":{"line":139,"column":0},"end":{"line":139,"column":1}}},"s":{"0":1,"7":1,"8":1,"9":1,"10":1,"11":1,"12":1,"23":11,"24":11,"25":11,"26":11,"29":11,"30":11,"34":11,"38":11,"39":11,"43":11,"44":11,"45":6,"46":11,"47":5,"48":2,"49":2,"50":2,"51":2,"52":5,"53":3,"54":3,"55":5,"56":11,"57":11,"58":11,"59":11,"60":11,"61":11,"62":11,"66":11,"67":2,"68":1,"69":1,"70":1,"71":1,"72":2,"73":2,"77":11,"78":11,"79":11,"80":1,"81":1,"82":1,"83":1,"84":1,"85":1,"86":1,"87":1,"88":1,"91":11,"92":11,"93":11,"94":11,"95":11,"96":11,"97":11,"98":11,"99":11,"100":11,"101":11,"102":11,"103":11,"104":11,"105":11,"106":11,"107":11,"108":11,"109":11,"110":11,"111":11,"112":11,"113":11,"114":11,"115":11,"117":11,"118":6,"119":6,"120":6,"121":6,"122":6,"123":6,"124":6,"125":6,"127":5,"128":5,"129":5,"130":5,"131":5,"132":5,"133":5,"134":5,"136":11,"138":11},"branchMap":{"0":{"type":"branch","line":24,"loc":{"start":{"line":24,"column":0},"end":{"line":139,"column":1}},"locations":[{"start":{"line":24,"column":0},"end":{"line":139,"column":1}}]},"1":{"type":"branch","line":80,"loc":{"start":{"line":80,"column":7},"end":{"line":89,"column":14}},"locations":[{"start":{"line":80,"column":7},"end":{"line":89,"column":14}}]},"2":{"type":"branch","line":118,"loc":{"start":{"line":118,"column":22},"end":{"line":126,"column":11}},"locations":[{"start":{"line":118,"column":22},"end":{"line":126,"column":11}}]},"3":{"type":"branch","line":126,"loc":{"start":{"line":126,"column":8},"end":{"line":135,"column":11}},"locations":[{"start":{"line":126,"column":8},"end":{"line":135,"column":11}}]},"4":{"type":"branch","line":44,"loc":{"start":{"line":44,"column":12},"end":{"line":57,"column":5}},"locations":[{"start":{"line":44,"column":12},"end":{"line":57,"column":5}}]},"5":{"type":"branch","line":45,"loc":{"start":{"line":45,"column":40},"end":{"line":47,"column":11}},"locations":[{"start":{"line":45,"column":40},"end":{"line":47,"column":11}}]},"6":{"type":"branch","line":47,"loc":{"start":{"line":47,"column":4},"end":{"line":56,"column":5}},"locations":[{"start":{"line":47,"column":4},"end":{"line":56,"column":5}}]},"7":{"type":"branch","line":48,"loc":{"start":{"line":48,"column":42},"end":{"line":53,"column":13}},"locations":[{"start":{"line":48,"column":42},"end":{"line":53,"column":13}}]},"8":{"type":"branch","line":53,"loc":{"start":{"line":53,"column":6},"end":{"line":55,"column":7}},"locations":[{"start":{"line":53,"column":6},"end":{"line":55,"column":7}}]},"9":{"type":"branch","line":67,"loc":{"start":{"line":67,"column":35},"end":{"line":74,"column":4}},"locations":[{"start":{"line":67,"column":35},"end":{"line":74,"column":4}}]},"10":{"type":"branch","line":68,"loc":{"start":{"line":68,"column":40},"end":{"line":72,"column":5}},"locations":[{"start":{"line":68,"column":40},"end":{"line":72,"column":5}}]},"11":{"type":"branch","line":86,"loc":{"start":{"line":86,"column":21},"end":{"line":86,"column":52}},"locations":[{"start":{"line":86,"column":21},"end":{"line":86,"column":52}}]}},"b":{"0":[11],"1":[1],"2":[6],"3":[5],"4":[11],"5":[6],"6":[5],"7":[2],"8":[3],"9":[2],"10":[1],"11":[1]},"fnMap":{"0":{"name":"Sidebar","decl":{"start":{"line":24,"column":0},"end":{"line":139,"column":1}},"loc":{"start":{"line":24,"column":0},"end":{"line":139,"column":1}},"line":24},"1":{"name":"handleStatusFilterChange","decl":{"start":{"line":67,"column":35},"end":{"line":74,"column":4}},"loc":{"start":{"line":67,"column":35},"end":{"line":74,"column":4}},"line":67},"2":{"name":"onClick","decl":{"start":{"line":86,"column":21},"end":{"line":86,"column":52}},"loc":{"start":{"line":86,"column":21},"end":{"line":86,"column":52}},"line":86},"3":{"name":"onChange","decl":{"start":{"line":103,"column":24},"end":{"line":103,"column":61}},"loc":{"start":{"line":103,"column":24},"end":{"line":103,"column":61}},"line":103},"4":{"name":"onChange","decl":{"start":{"line":112,"column":24},"end":{"line":112,"column":59}},"loc":{"start":{"line":112,"column":24},"end":{"line":112,"column":59}},"line":112}},"f":{"0":11,"1":2,"2":1,"3":0,"4":0}}
,"/Users/davidcibin/food-truck-frontend/src/components/StatusFilter.tsx": {"path":"/Users/davidcibin/food-truck-frontend/src/components/StatusFilter.tsx","all":false,"statementMap":{"10":{"start":{"line":11,"column":0},"end":{"line":11,"column":38}},"11":{"start":{"line":12,"column":0},"end":{"line":12,"column":12}},"12":{"start":{"line":13,"column":0},"end":{"line":13,"column":15}},"13":{"start":{"line":14,"column":0},"end":{"line":14,"column":18}},"14":{"start":{"line":15,"column":0},"end":{"line":15,"column":36}},"17":{"start":{"line":18,"column":0},"end":{"line":18,"column":52}},"18":{"start":{"line":19,"column":0},"end":{"line":19,"column":40}},"19":{"start":{"line":20,"column":0},"end":{"line":20,"column":64}},"20":{"start":{"line":21,"column":0},"end":{"line":21,"column":12}},"21":{"start":{"line":22,"column":0},"end":{"line":22,"column":49}},"22":{"start":{"line":23,"column":0},"end":{"line":23,"column":5}},"23":{"start":{"line":24,"column":0},"end":{"line":24,"column":4}},"27":{"start":{"line":28,"column":0},"end":{"line":28,"column":10}},"28":{"start":{"line":29,"column":0},"end":{"line":29,"column":6}},"29":{"start":{"line":30,"column":0},"end":{"line":30,"column":69}},"30":{"start":{"line":31,"column":0},"end":{"line":31,"column":41}},"31":{"start":{"line":32,"column":0},"end":{"line":32,"column":54}},"32":{"start":{"line":33,"column":0},"end":{"line":33,"column":16}},"33":{"start":{"line":34,"column":0},"end":{"line":34,"column":27}},"34":{"start":{"line":35,"column":0},"end":{"line":35,"column":35}},"35":{"start":{"line":36,"column":0},"end":{"line":36,"column":40}},"36":{"start":{"line":37,"column":0},"end":{"line":37,"column":51}},"37":{"start":{"line":38,"column":0},"end":{"line":38,"column":57}},"38":{"start":{"line":39,"column":0},"end":{"line":39,"column":12}},"39":{"start":{"line":40,"column":0},"end":{"line":40,"column":75}},"40":{"start":{"line":41,"column":0},"end":{"line":41,"column":62}},"41":{"start":{"line":42,"column":0},"end":{"line":42,"column":18}},"42":{"start":{"line":43,"column":0},"end":{"line":43,"column":14}},"43":{"start":{"line":44,"column":0},"end":{"line":44,"column":9}},"44":{"start":{"line":45,"column":0},"end":{"line":45,"column":7}},"46":{"start":{"line":47,"column":0},"end":{"line":47,"column":1}}},"s":{"10":5,"11":5,"12":5,"13":5,"14":5,"17":5,"18":2,"19":1,"20":1,"21":1,"22":1,"23":2,"27":5,"28":5,"29":5,"30":5,"31":12,"32":12,"33":12,"34":12,"35":12,"36":12,"37":12,"38":12,"39":12,"40":12,"41":12,"42":12,"43":5,"44":5,"46":5},"branchMap":{"0":{"type":"branch","line":11,"loc":{"start":{"line":11,"column":0},"end":{"line":47,"column":1}},"locations":[{"start":{"line":11,"column":0},"end":{"line":47,"column":1}}]},"1":{"type":"branch","line":18,"loc":{"start":{"line":18,"column":31},"end":{"line":24,"column":4}},"locations":[{"start":{"line":18,"column":31},"end":{"line":24,"column":4}}]},"2":{"type":"branch","line":19,"loc":{"start":{"line":19,"column":39},"end":{"line":23,"column":5}},"locations":[{"start":{"line":19,"column":39},"end":{"line":23,"column":5}}]},"3":{"type":"branch","line":20,"loc":{"start":{"line":20,"column":42},"end":{"line":20,"column":61}},"locations":[{"start":{"line":20,"column":42},"end":{"line":20,"column":61}}]},"4":{"type":"branch","line":31,"loc":{"start":{"line":31,"column":28},"end":{"line":43,"column":14}},"locations":[{"start":{"line":31,"column":28},"end":{"line":43,"column":14}}]},"5":{"type":"branch","line":38,"loc":{"start":{"line":38,"column":22},"end":{"line":38,"column":57}},"locations":[{"start":{"line":38,"column":22},"end":{"line":38,"column":57}}]}},"b":{"0":[5],"1":[2],"2":[1],"3":[1],"4":[12],"5":[2]},"fnMap":{"0":{"name":"StatusFilter","decl":{"start":{"line":11,"column":0},"end":{"line":47,"column":1}},"loc":{"start":{"line":11,"column":0},"end":{"line":47,"column":1}},"line":11},"1":{"name":"handleCheckboxChange","decl":{"start":{"line":18,"column":31},"end":{"line":24,"column":4}},"loc":{"start":{"line":18,"column":31},"end":{"line":24,"column":4}},"line":18},"2":{"name":"onChange","decl":{"start":{"line":38,"column":22},"end":{"line":38,"column":57}},"loc":{"start":{"line":38,"column":22},"end":{"line":38,"column":57}},"line":38}},"f":{"0":5,"1":2,"2":2}}
,"/Users/davidcibin/food-truck-frontend/src/context/FoodTruckContext.tsx": {"path":"/Users/davidcibin/food-truck-frontend/src/context/FoodTruckContext.tsx","all":false,"statementMap":{"0":{"start":{"line":1,"column":0},"end":{"line":1,"column":50}},"14":{"start":{"line":15,"column":0},"end":{"line":15,"column":75}},"15":{"start":{"line":16,"column":0},"end":{"line":16,"column":7}},"16":{"start":{"line":17,"column":0},"end":{"line":17,"column":2}},"18":{"start":{"line":19,"column":0},"end":{"line":19,"column":35}},"19":{"start":{"line":20,"column":0},"end":{"line":20,"column":47}},"20":{"start":{"line":21,"column":0},"end":{"line":21,"column":17}},"21":{"start":{"line":22,"column":0},"end":{"line":22,"column":76}},"22":{"start":{"line":23,"column":0},"end":{"line":23,"column":3}},"23":{"start":{"line":24,"column":0},"end":{"line":24,"column":17}},"24":{"start":{"line":25,"column":0},"end":{"line":25,"column":2}}},"s":{"0":1,"14":1,"15":1,"16":1,"18":1,"19":35,"20":35,"21":0,"22":0,"23":35,"24":35},"branchMap":{"0":{"type":"branch","line":19,"loc":{"start":{"line":19,"column":28},"end":{"line":25,"column":2}},"locations":[{"start":{"line":19,"column":28},"end":{"line":25,"column":2}}]},"1":{"type":"branch","line":21,"loc":{"start":{"line":21,"column":16},"end":{"line":23,"column":3}},"locations":[{"start":{"line":21,"column":16},"end":{"line":23,"column":3}}]}},"b":{"0":[35],"1":[0]},"fnMap":{"0":{"name":"useFoodTruck","decl":{"start":{"line":19,"column":28},"end":{"line":25,"column":2}},"loc":{"start":{"line":19,"column":28},"end":{"line":25,"column":2}},"line":19}},"f":{"0":35}}
,"/Users/davidcibin/food-truck-frontend/src/context/FoodTruckProvider.tsx": {"path":"/Users/davidcibin/food-truck-frontend/src/context/FoodTruckProvider.tsx","all":false,"statementMap":{"1":{"start":{"line":2,"column":0},"end":{"line":2,"column":76}},"8":{"start":{"line":9,"column":0},"end":{"line":9,"column":67}},"9":{"start":{"line":10,"column":0},"end":{"line":10,"column":43}},"10":{"start":{"line":11,"column":0},"end":{"line":11,"column":14}},"11":{"start":{"line":12,"column":0},"end":{"line":12,"column":30}},"14":{"start":{"line":15,"column":0},"end":{"line":15,"column":33}}},"s":{"1":1,"8":1,"9":9,"10":9,"11":9,"14":1},"branchMap":{"0":{"type":"branch","line":9,"loc":{"start":{"line":9,"column":26},"end":{"line":12,"column":30}},"locations":[{"start":{"line":9,"column":26},"end":{"line":12,"column":30}}]}},"b":{"0":[9]},"fnMap":{"0":{"name":"FoodTruckProvider","decl":{"start":{"line":9,"column":26},"end":{"line":12,"column":30}},"loc":{"start":{"line":9,"column":26},"end":{"line":12,"column":30}},"line":9}},"f":{"0":9}}
,"/Users/davidcibin/food-truck-frontend/src/hooks/useFoodTrucks.tsx": {"path":"/Users/davidcibin/food-truck-frontend/src/hooks/useFoodTrucks.tsx","all":false,"statementMap":{"0":{"start":{"line":1,"column":0},"end":{"line":1,"column":44}},"1":{"start":{"line":2,"column":0},"end":{"line":2,"column":26}},"2":{"start":{"line":3,"column":0},"end":{"line":3,"column":71}},"14":{"start":{"line":15,"column":0},"end":{"line":15,"column":62}},"15":{"start":{"line":16,"column":0},"end":{"line":16,"column":65}},"16":{"start":{"line":17,"column":0},"end":{"line":17,"column":59}},"17":{"start":{"line":18,"column":0},"end":{"line":18,"column":47}},"21":{"start":{"line":22,"column":0},"end":{"line":22,"column":19}},"22":{"start":{"line":23,"column":0},"end":{"line":23,"column":41}},"23":{"start":{"line":24,"column":0},"end":{"line":24,"column":23}},"24":{"start":{"line":25,"column":0},"end":{"line":25,"column":11}},"25":{"start":{"line":26,"column":0},"end":{"line":26,"column":41}},"26":{"start":{"line":27,"column":0},"end":{"line":27,"column":93}},"27":{"start":{"line":28,"column":0},"end":{"line":28,"column":10}},"28":{"start":{"line":29,"column":0},"end":{"line":29,"column":69}},"29":{"start":{"line":30,"column":0},"end":{"line":30,"column":30}},"30":{"start":{"line":31,"column":0},"end":{"line":31,"column":66}},"31":{"start":{"line":32,"column":0},"end":{"line":32,"column":17}},"32":{"start":{"line":33,"column":0},"end":{"line":33,"column":9}},"33":{"start":{"line":34,"column":0},"end":{"line":34,"column":35}},"34":{"start":{"line":35,"column":0},"end":{"line":35,"column":26}},"35":{"start":{"line":36,"column":0},"end":{"line":36,"column":21}},"36":{"start":{"line":37,"column":0},"end":{"line":37,"column":91}},"37":{"start":{"line":38,"column":0},"end":{"line":38,"column":12}},"38":{"start":{"line":39,"column":0},"end":{"line":39,"column":22}},"39":{"start":{"line":40,"column":0},"end":{"line":40,"column":30}},"40":{"start":{"line":41,"column":0},"end":{"line":41,"column":31}},"41":{"start":{"line":42,"column":0},"end":{"line":42,"column":21}},"42":{"start":{"line":43,"column":0},"end":{"line":43,"column":58}},"43":{"start":{"line":44,"column":0},"end":{"line":44,"column":17}},"44":{"start":{"line":45,"column":0},"end":{"line":45,"column":26}},"45":{"start":{"line":46,"column":0},"end":{"line":46,"column":7}},"46":{"start":{"line":47,"column":0},"end":{"line":47,"column":6}},"48":{"start":{"line":49,"column":0},"end":{"line":49,"column":22}},"49":{"start":{"line":50,"column":0},"end":{"line":50,"column":9}},"51":{"start":{"line":52,"column":0},"end":{"line":52,"column":44}},"52":{"start":{"line":53,"column":0},"end":{"line":53,"column":1}}},"s":{"0":1,"1":1,"2":1,"14":6,"15":6,"16":6,"17":6,"21":6,"22":3,"23":3,"24":3,"25":3,"26":3,"27":3,"28":2,"29":3,"30":1,"31":1,"32":1,"33":1,"34":1,"35":1,"36":1,"37":1,"38":1,"39":1,"40":1,"41":1,"42":1,"43":3,"44":3,"45":3,"46":3,"48":3,"49":6,"51":6,"52":6},"branchMap":{"0":{"type":"branch","line":15,"loc":{"start":{"line":15,"column":0},"end":{"line":53,"column":1}},"locations":[{"start":{"line":15,"column":0},"end":{"line":53,"column":1}}]},"1":{"type":"branch","line":22,"loc":{"start":{"line":22,"column":12},"end":{"line":50,"column":5}},"locations":[{"start":{"line":22,"column":12},"end":{"line":50,"column":5}}]},"2":{"type":"branch","line":23,"loc":{"start":{"line":23,"column":28},"end":{"line":47,"column":6}},"locations":[{"start":{"line":23,"column":28},"end":{"line":47,"column":6}}]},"3":{"type":"branch","line":28,"loc":{"start":{"line":28,"column":8},"end":{"line":30,"column":29}},"locations":[{"start":{"line":28,"column":8},"end":{"line":30,"column":29}}]},"4":{"type":"branch","line":30,"loc":{"start":{"line":30,"column":29},"end":{"line":44,"column":8}},"locations":[{"start":{"line":30,"column":29},"end":{"line":44,"column":8}}]},"5":{"type":"branch","line":44,"loc":{"start":{"line":44,"column":6},"end":{"line":44,"column":8}},"locations":[{"start":{"line":44,"column":6},"end":{"line":44,"column":8}}]},"6":{"type":"branch","line":37,"loc":{"start":{"line":37,"column":23},"end":{"line":37,"column":73}},"locations":[{"start":{"line":37,"column":23},"end":{"line":37,"column":73}}]}},"b":{"0":[6],"1":[3],"2":[3],"3":[2],"4":[1],"5":[2],"6":[2]},"fnMap":{"0":{"name":"useFoodTrucks","decl":{"start":{"line":15,"column":0},"end":{"line":53,"column":1}},"loc":{"start":{"line":15,"column":0},"end":{"line":53,"column":1}},"line":15},"1":{"name":"fetchFoodTrucks","decl":{"start":{"line":23,"column":28},"end":{"line":47,"column":6}},"loc":{"start":{"line":23,"column":28},"end":{"line":47,"column":6}},"line":23}},"f":{"0":6,"1":3}}
}
