{"/Users/davidcibin/food-truck-frontend/src/components/FoodTruck.tsx": {"path":"/Users/davidcibin/food-truck-frontend/src/components/FoodTruck.tsx","all":false,"statementMap":{"0":{"start":{"line":1,"column":0},"end":{"line":1,"column":44}},"1":{"start":{"line":2,"column":0},"end":{"line":2,"column":51}},"2":{"start":{"line":3,"column":0},"end":{"line":3,"column":56}},"3":{"start":{"line":4,"column":0},"end":{"line":4,"column":61}},"4":{"start":{"line":5,"column":0},"end":{"line":5,"column":44}},"5":{"start":{"line":6,"column":0},"end":{"line":6,"column":46}},"6":{"start":{"line":7,"column":0},"end":{"line":7,"column":47}},"8":{"start":{"line":9,"column":0},"end":{"line":9,"column":47}},"9":{"start":{"line":10,"column":0},"end":{"line":10,"column":51}},"13":{"start":{"line":14,"column":0},"end":{"line":14,"column":50}},"16":{"start":{"line":17,"column":0},"end":{"line":17,"column":9}},"17":{"start":{"line":18,"column":0},"end":{"line":18,"column":34}},"18":{"start":{"line":19,"column":0},"end":{"line":19,"column":32}},"19":{"start":{"line":20,"column":0},"end":{"line":20,"column":12}},"20":{"start":{"line":21,"column":0},"end":{"line":21,"column":22}},"24":{"start":{"line":25,"column":0},"end":{"line":25,"column":65}},"25":{"start":{"line":26,"column":0},"end":{"line":26,"column":75}},"26":{"start":{"line":27,"column":0},"end":{"line":27,"column":73}},"27":{"start":{"line":28,"column":0},"end":{"line":28,"column":72}},"28":{"start":{"line":29,"column":0},"end":{"line":29,"column":68}},"29":{"start":{"line":30,"column":0},"end":{"line":30,"column":55}},"30":{"start":{"line":31,"column":0},"end":{"line":31,"column":29}},"31":{"start":{"line":32,"column":0},"end":{"line":32,"column":4}},"32":{"start":{"line":33,"column":0},"end":{"line":33,"column":73}},"34":{"start":{"line":35,"column":0},"end":{"line":35,"column":8}},"35":{"start":{"line":36,"column":0},"end":{"line":36,"column":69}},"37":{"start":{"line":38,"column":0},"end":{"line":38,"column":8}},"41":{"start":{"line":42,"column":0},"end":{"line":42,"column":19}},"42":{"start":{"line":43,"column":0},"end":{"line":43,"column":59}},"43":{"start":{"line":44,"column":0},"end":{"line":44,"column":52}},"44":{"start":{"line":45,"column":0},"end":{"line":45,"column":13}},"45":{"start":{"line":46,"column":0},"end":{"line":46,"column":5}},"47":{"start":{"line":48,"column":0},"end":{"line":48,"column":56}},"48":{"start":{"line":49,"column":0},"end":{"line":49,"column":26}},"49":{"start":{"line":50,"column":0},"end":{"line":50,"column":23}},"50":{"start":{"line":51,"column":0},"end":{"line":51,"column":25}},"51":{"start":{"line":52,"column":0},"end":{"line":52,"column":56}},"52":{"start":{"line":53,"column":0},"end":{"line":53,"column":79}},"54":{"start":{"line":55,"column":0},"end":{"line":55,"column":27}},"55":{"start":{"line":56,"column":0},"end":{"line":56,"column":36}},"56":{"start":{"line":57,"column":0},"end":{"line":57,"column":65}},"57":{"start":{"line":58,"column":0},"end":{"line":58,"column":43}},"58":{"start":{"line":59,"column":0},"end":{"line":59,"column":7}},"60":{"start":{"line":61,"column":0},"end":{"line":61,"column":39}},"61":{"start":{"line":62,"column":0},"end":{"line":62,"column":60}},"63":{"start":{"line":64,"column":0},"end":{"line":64,"column":19}},"64":{"start":{"line":65,"column":0},"end":{"line":65,"column":40}},"65":{"start":{"line":66,"column":0},"end":{"line":66,"column":35}},"66":{"start":{"line":67,"column":0},"end":{"line":67,"column":13}},"67":{"start":{"line":68,"column":0},"end":{"line":68,"column":5}},"69":{"start":{"line":70,"column":0},"end":{"line":70,"column":40}},"71":{"start":{"line":72,"column":0},"end":{"line":72,"column":36}},"72":{"start":{"line":73,"column":0},"end":{"line":73,"column":14}},"73":{"start":{"line":74,"column":0},"end":{"line":74,"column":18}},"74":{"start":{"line":75,"column":0},"end":{"line":75,"column":41}},"75":{"start":{"line":76,"column":0},"end":{"line":76,"column":42}},"76":{"start":{"line":77,"column":0},"end":{"line":77,"column":39}},"77":{"start":{"line":78,"column":0},"end":{"line":78,"column":70}},"78":{"start":{"line":79,"column":0},"end":{"line":79,"column":7}},"79":{"start":{"line":80,"column":0},"end":{"line":80,"column":24}},"80":{"start":{"line":81,"column":0},"end":{"line":81,"column":17}},"81":{"start":{"line":82,"column":0},"end":{"line":82,"column":28}},"82":{"start":{"line":83,"column":0},"end":{"line":83,"column":14}},"83":{"start":{"line":84,"column":0},"end":{"line":84,"column":14}},"84":{"start":{"line":85,"column":0},"end":{"line":85,"column":33}},"85":{"start":{"line":86,"column":0},"end":{"line":86,"column":34}},"86":{"start":{"line":87,"column":0},"end":{"line":87,"column":10}},"87":{"start":{"line":88,"column":0},"end":{"line":88,"column":9}},"88":{"start":{"line":89,"column":0},"end":{"line":89,"column":46}},"89":{"start":{"line":90,"column":0},"end":{"line":90,"column":19}},"91":{"start":{"line":92,"column":0},"end":{"line":92,"column":37}},"92":{"start":{"line":93,"column":0},"end":{"line":93,"column":58}},"94":{"start":{"line":95,"column":0},"end":{"line":95,"column":19}},"95":{"start":{"line":96,"column":0},"end":{"line":96,"column":32}},"96":{"start":{"line":97,"column":0},"end":{"line":97,"column":45}},"97":{"start":{"line":98,"column":0},"end":{"line":98,"column":26}},"98":{"start":{"line":99,"column":0},"end":{"line":99,"column":33}},"99":{"start":{"line":100,"column":0},"end":{"line":100,"column":6}},"101":{"start":{"line":102,"column":0},"end":{"line":102,"column":19}},"102":{"start":{"line":103,"column":0},"end":{"line":103,"column":52}},"103":{"start":{"line":104,"column":0},"end":{"line":104,"column":68}},"104":{"start":{"line":105,"column":0},"end":{"line":105,"column":9}},"108":{"start":{"line":109,"column":0},"end":{"line":109,"column":10}},"109":{"start":{"line":110,"column":0},"end":{"line":110,"column":22}},"110":{"start":{"line":111,"column":0},"end":{"line":111,"column":14}},"111":{"start":{"line":112,"column":0},"end":{"line":112,"column":27}},"112":{"start":{"line":113,"column":0},"end":{"line":113,"column":30}},"113":{"start":{"line":114,"column":0},"end":{"line":114,"column":25}},"114":{"start":{"line":115,"column":0},"end":{"line":115,"column":28}},"115":{"start":{"line":116,"column":0},"end":{"line":116,"column":36}},"116":{"start":{"line":117,"column":0},"end":{"line":117,"column":21}},"117":{"start":{"line":118,"column":0},"end":{"line":118,"column":24}},"118":{"start":{"line":119,"column":0},"end":{"line":119,"column":19}},"119":{"start":{"line":120,"column":0},"end":{"line":120,"column":22}},"120":{"start":{"line":121,"column":0},"end":{"line":121,"column":8}},"122":{"start":{"line":123,"column":0},"end":{"line":123,"column":56}},"123":{"start":{"line":124,"column":0},"end":{"line":124,"column":28}},"124":{"start":{"line":125,"column":0},"end":{"line":125,"column":79}},"127":{"start":{"line":128,"column":0},"end":{"line":128,"column":12}},"128":{"start":{"line":129,"column":0},"end":{"line":129,"column":49}},"129":{"start":{"line":130,"column":0},"end":{"line":130,"column":18}},"130":{"start":{"line":131,"column":0},"end":{"line":131,"column":24}},"131":{"start":{"line":132,"column":0},"end":{"line":132,"column":77}},"132":{"start":{"line":133,"column":0},"end":{"line":133,"column":25}},"133":{"start":{"line":134,"column":0},"end":{"line":134,"column":20}},"134":{"start":{"line":135,"column":0},"end":{"line":135,"column":12}},"136":{"start":{"line":137,"column":0},"end":{"line":137,"column":14}},"137":{"start":{"line":138,"column":0},"end":{"line":138,"column":79}},"138":{"start":{"line":139,"column":0},"end":{"line":139,"column":20}},"139":{"start":{"line":140,"column":0},"end":{"line":140,"column":74}},"140":{"start":{"line":141,"column":0},"end":{"line":141,"column":14}},"142":{"start":{"line":143,"column":0},"end":{"line":143,"column":48}},"143":{"start":{"line":144,"column":0},"end":{"line":144,"column":72}},"144":{"start":{"line":145,"column":0},"end":{"line":145,"column":20}},"145":{"start":{"line":146,"column":0},"end":{"line":146,"column":32}},"146":{"start":{"line":147,"column":0},"end":{"line":147,"column":33}},"147":{"start":{"line":148,"column":0},"end":{"line":148,"column":56}},"148":{"start":{"line":149,"column":0},"end":{"line":149,"column":18}},"149":{"start":{"line":150,"column":0},"end":{"line":150,"column":20}},"150":{"start":{"line":151,"column":0},"end":{"line":151,"column":65}},"151":{"start":{"line":152,"column":0},"end":{"line":152,"column":26}},"152":{"start":{"line":153,"column":0},"end":{"line":153,"column":42}},"153":{"start":{"line":154,"column":0},"end":{"line":154,"column":20}},"154":{"start":{"line":155,"column":0},"end":{"line":155,"column":17}},"156":{"start":{"line":157,"column":0},"end":{"line":157,"column":22}},"157":{"start":{"line":158,"column":0},"end":{"line":158,"column":20}},"160":{"start":{"line":161,"column":0},"end":{"line":161,"column":45}},"161":{"start":{"line":162,"column":0},"end":{"line":162,"column":18}},"162":{"start":{"line":163,"column":0},"end":{"line":163,"column":32}},"163":{"start":{"line":164,"column":0},"end":{"line":164,"column":31}},"164":{"start":{"line":165,"column":0},"end":{"line":165,"column":55}},"165":{"start":{"line":166,"column":0},"end":{"line":166,"column":55}},"166":{"start":{"line":167,"column":0},"end":{"line":167,"column":16}},"168":{"start":{"line":169,"column":0},"end":{"line":169,"column":16}},"170":{"start":{"line":171,"column":0},"end":{"line":171,"column":51}},"171":{"start":{"line":172,"column":0},"end":{"line":172,"column":24}},"172":{"start":{"line":173,"column":0},"end":{"line":173,"column":16}},"173":{"start":{"line":174,"column":0},"end":{"line":174,"column":72}},"174":{"start":{"line":175,"column":0},"end":{"line":175,"column":74}},"175":{"start":{"line":176,"column":0},"end":{"line":176,"column":72}},"176":{"start":{"line":177,"column":0},"end":{"line":177,"column":71}},"177":{"start":{"line":178,"column":0},"end":{"line":178,"column":72}},"178":{"start":{"line":179,"column":0},"end":{"line":179,"column":69}},"179":{"start":{"line":180,"column":0},"end":{"line":180,"column":17}},"181":{"start":{"line":182,"column":0},"end":{"line":182,"column":28}},"182":{"start":{"line":183,"column":0},"end":{"line":183,"column":28}},"183":{"start":{"line":184,"column":0},"end":{"line":184,"column":48}},"184":{"start":{"line":185,"column":0},"end":{"line":185,"column":45}},"185":{"start":{"line":186,"column":0},"end":{"line":186,"column":43}},"187":{"start":{"line":188,"column":0},"end":{"line":188,"column":16}},"189":{"start":{"line":190,"column":0},"end":{"line":190,"column":16}},"190":{"start":{"line":191,"column":0},"end":{"line":191,"column":14}},"191":{"start":{"line":192,"column":0},"end":{"line":192,"column":12}},"192":{"start":{"line":193,"column":0},"end":{"line":193,"column":24}},"194":{"start":{"line":195,"column":0},"end":{"line":195,"column":1}}},"s":{"0":1,"1":1,"2":1,"3":1,"4":1,"5":1,"6":1,"8":1,"9":1,"13":6,"16":6,"17":6,"18":6,"19":6,"20":6,"24":6,"25":6,"26":6,"27":6,"28":6,"29":6,"30":6,"31":6,"32":6,"34":6,"35":6,"37":6,"41":6,"42":3,"43":3,"44":3,"45":3,"47":0,"48":0,"49":0,"50":0,"51":0,"52":0,"54":0,"55":0,"56":0,"57":0,"58":0,"60":0,"61":6,"63":6,"64":3,"65":3,"66":3,"67":3,"69":0,"71":0,"72":0,"73":0,"74":0,"75":0,"76":0,"77":0,"78":0,"79":0,"80":0,"81":0,"82":0,"83":0,"84":0,"85":0,"86":0,"87":0,"88":0,"89":0,"91":0,"92":6,"94":6,"95":3,"96":3,"97":3,"98":3,"99":3,"101":3,"102":3,"103":3,"104":6,"108":6,"109":6,"110":6,"111":6,"112":6,"113":6,"114":6,"115":6,"116":6,"117":6,"118":6,"119":6,"120":6,"122":6,"123":6,"124":6,"127":6,"128":6,"129":6,"130":6,"131":6,"132":6,"133":0,"134":6,"136":6,"137":6,"138":6,"139":6,"140":6,"142":6,"143":6,"144":6,"145":6,"146":6,"147":6,"148":6,"149":6,"150":6,"151":6,"152":6,"153":6,"154":6,"156":6,"157":6,"160":6,"161":0,"162":0,"163":0,"164":0,"165":0,"166":0,"168":6,"170":6,"171":6,"172":2,"173":2,"174":2,"175":2,"176":2,"177":2,"178":2,"179":2,"181":4,"182":4,"183":4,"184":4,"185":0,"187":4,"189":6,"190":6,"191":6,"192":6,"194":6},"branchMap":{"0":{"type":"branch","line":14,"loc":{"start":{"line":14,"column":0},"end":{"line":195,"column":1}},"locations":[{"start":{"line":14,"column":0},"end":{"line":195,"column":1}}]},"1":{"type":"branch","line":132,"loc":{"start":{"line":132,"column":28},"end":{"line":132,"column":77}},"locations":[{"start":{"line":132,"column":28},"end":{"line":132,"column":77}}]},"2":{"type":"branch","line":133,"loc":{"start":{"line":133,"column":18},"end":{"line":134,"column":20}},"locations":[{"start":{"line":133,"column":18},"end":{"line":134,"column":20}}]},"3":{"type":"branch","line":140,"loc":{"start":{"line":140,"column":47},"end":{"line":140,"column":74}},"locations":[{"start":{"line":140,"column":47},"end":{"line":140,"column":74}}]},"4":{"type":"branch","line":143,"loc":{"start":{"line":143,"column":15},"end":{"line":143,"column":48}},"locations":[{"start":{"line":143,"column":15},"end":{"line":143,"column":48}}]},"5":{"type":"branch","line":161,"loc":{"start":{"line":161,"column":13},"end":{"line":161,"column":45}},"locations":[{"start":{"line":161,"column":13},"end":{"line":161,"column":45}}]},"6":{"type":"branch","line":161,"loc":{"start":{"line":161,"column":26},"end":{"line":167,"column":16}},"locations":[{"start":{"line":161,"column":26},"end":{"line":167,"column":16}}]},"7":{"type":"branch","line":172,"loc":{"start":{"line":172,"column":13},"end":{"line":180,"column":17}},"locations":[{"start":{"line":172,"column":13},"end":{"line":180,"column":17}}]},"8":{"type":"branch","line":180,"loc":{"start":{"line":180,"column":14},"end":{"line":188,"column":16}},"locations":[{"start":{"line":180,"column":14},"end":{"line":188,"column":16}}]},"9":{"type":"branch","line":185,"loc":{"start":{"line":185,"column":22},"end":{"line":186,"column":43}},"locations":[{"start":{"line":185,"column":22},"end":{"line":186,"column":43}}]},"10":{"type":"branch","line":42,"loc":{"start":{"line":42,"column":12},"end":{"line":62,"column":5}},"locations":[{"start":{"line":42,"column":12},"end":{"line":62,"column":5}}]},"11":{"type":"branch","line":46,"loc":{"start":{"line":46,"column":4},"end":{"line":61,"column":39}},"locations":[{"start":{"line":46,"column":4},"end":{"line":61,"column":39}}]},"12":{"type":"branch","line":64,"loc":{"start":{"line":64,"column":12},"end":{"line":93,"column":5}},"locations":[{"start":{"line":64,"column":12},"end":{"line":93,"column":5}}]},"13":{"type":"branch","line":68,"loc":{"start":{"line":68,"column":4},"end":{"line":92,"column":37}},"locations":[{"start":{"line":68,"column":4},"end":{"line":92,"column":37}}]},"14":{"type":"branch","line":95,"loc":{"start":{"line":95,"column":12},"end":{"line":105,"column":5}},"locations":[{"start":{"line":95,"column":12},"end":{"line":105,"column":5}}]},"15":{"type":"branch","line":96,"loc":{"start":{"line":96,"column":25},"end":{"line":100,"column":6}},"locations":[{"start":{"line":96,"column":25},"end":{"line":100,"column":6}}]},"16":{"type":"branch","line":104,"loc":{"start":{"line":104,"column":11},"end":{"line":104,"column":68}},"locations":[{"start":{"line":104,"column":11},"end":{"line":104,"column":68}}]}},"b":{"0":[6],"1":[0],"2":[0],"3":[0],"4":[0],"5":[0],"6":[0],"7":[2],"8":[4],"9":[0],"10":[3],"11":[0],"12":[3],"13":[0],"14":[3],"15":[3],"16":[3]},"fnMap":{"0":{"name":"FoodTruck","decl":{"start":{"line":14,"column":0},"end":{"line":195,"column":1}},"loc":{"start":{"line":14,"column":0},"end":{"line":195,"column":1}},"line":14},"1":{"name":"handleResize","decl":{"start":{"line":96,"column":25},"end":{"line":100,"column":6}},"loc":{"start":{"line":96,"column":25},"end":{"line":100,"column":6}},"line":96},"2":{"name":"onClick","decl":{"start":{"line":165,"column":25},"end":{"line":165,"column":55}},"loc":{"start":{"line":165,"column":25},"end":{"line":165,"column":55}},"line":165}},"f":{"0":6,"1":3,"2":0}}
,"/Users/davidcibin/food-truck-frontend/src/components/FoodTruckList.tsx": {"path":"/Users/davidcibin/food-truck-frontend/src/components/FoodTruckList.tsx","all":false,"statementMap":{"0":{"start":{"line":1,"column":0},"end":{"line":1,"column":71}},"19":{"start":{"line":20,"column":0},"end":{"line":20,"column":34}},"20":{"start":{"line":21,"column":0},"end":{"line":21,"column":20}},"21":{"start":{"line":22,"column":0},"end":{"line":22,"column":16}},"22":{"start":{"line":23,"column":0},"end":{"line":23,"column":17}},"23":{"start":{"line":24,"column":0},"end":{"line":24,"column":17}},"24":{"start":{"line":25,"column":0},"end":{"line":25,"column":18}},"25":{"start":{"line":26,"column":0},"end":{"line":26,"column":17}},"26":{"start":{"line":27,"column":0},"end":{"line":27,"column":20}},"27":{"start":{"line":28,"column":0},"end":{"line":28,"column":2}},"31":{"start":{"line":32,"column":0},"end":{"line":32,"column":39}},"32":{"start":{"line":33,"column":0},"end":{"line":33,"column":13}},"33":{"start":{"line":34,"column":0},"end":{"line":34,"column":37}},"36":{"start":{"line":37,"column":0},"end":{"line":37,"column":70}},"37":{"start":{"line":38,"column":0},"end":{"line":38,"column":66}},"38":{"start":{"line":39,"column":0},"end":{"line":39,"column":3}},"42":{"start":{"line":43,"column":0},"end":{"line":43,"column":10}},"43":{"start":{"line":44,"column":0},"end":{"line":44,"column":8}},"44":{"start":{"line":45,"column":0},"end":{"line":45,"column":53}},"45":{"start":{"line":46,"column":0},"end":{"line":46,"column":35}},"47":{"start":{"line":48,"column":0},"end":{"line":48,"column":34}},"48":{"start":{"line":49,"column":0},"end":{"line":49,"column":40}},"50":{"start":{"line":51,"column":0},"end":{"line":51,"column":19}},"51":{"start":{"line":52,"column":0},"end":{"line":52,"column":67}},"52":{"start":{"line":53,"column":0},"end":{"line":53,"column":40}},"53":{"start":{"line":54,"column":0},"end":{"line":54,"column":65}},"54":{"start":{"line":55,"column":0},"end":{"line":55,"column":45}},"55":{"start":{"line":56,"column":0},"end":{"line":56,"column":23}},"56":{"start":{"line":57,"column":0},"end":{"line":57,"column":60}},"57":{"start":{"line":58,"column":0},"end":{"line":58,"column":49}},"59":{"start":{"line":60,"column":0},"end":{"line":60,"column":78}},"60":{"start":{"line":61,"column":0},"end":{"line":61,"column":34}},"61":{"start":{"line":62,"column":0},"end":{"line":62,"column":58}},"62":{"start":{"line":63,"column":0},"end":{"line":63,"column":43}},"63":{"start":{"line":64,"column":0},"end":{"line":64,"column":31}},"64":{"start":{"line":65,"column":0},"end":{"line":65,"column":35}},"65":{"start":{"line":66,"column":0},"end":{"line":66,"column":69}},"66":{"start":{"line":67,"column":0},"end":{"line":67,"column":61}},"67":{"start":{"line":68,"column":0},"end":{"line":68,"column":62}},"68":{"start":{"line":69,"column":0},"end":{"line":69,"column":31}},"69":{"start":{"line":70,"column":0},"end":{"line":70,"column":29}},"70":{"start":{"line":71,"column":0},"end":{"line":71,"column":58}},"71":{"start":{"line":72,"column":0},"end":{"line":72,"column":34}},"72":{"start":{"line":73,"column":0},"end":{"line":73,"column":70}},"73":{"start":{"line":74,"column":0},"end":{"line":74,"column":28}},"74":{"start":{"line":75,"column":0},"end":{"line":75,"column":32}},"75":{"start":{"line":76,"column":0},"end":{"line":76,"column":34}},"76":{"start":{"line":77,"column":0},"end":{"line":77,"column":64}},"77":{"start":{"line":78,"column":0},"end":{"line":78,"column":41}},"78":{"start":{"line":79,"column":0},"end":{"line":79,"column":34}},"79":{"start":{"line":80,"column":0},"end":{"line":80,"column":32}},"80":{"start":{"line":81,"column":0},"end":{"line":81,"column":33}},"81":{"start":{"line":82,"column":0},"end":{"line":82,"column":75}},"82":{"start":{"line":83,"column":0},"end":{"line":83,"column":34}},"83":{"start":{"line":84,"column":0},"end":{"line":84,"column":25}},"84":{"start":{"line":85,"column":0},"end":{"line":85,"column":28}},"85":{"start":{"line":86,"column":0},"end":{"line":86,"column":20}},"86":{"start":{"line":87,"column":0},"end":{"line":87,"column":15}},"87":{"start":{"line":88,"column":0},"end":{"line":88,"column":16}},"88":{"start":{"line":89,"column":0},"end":{"line":89,"column":20}},"90":{"start":{"line":91,"column":0},"end":{"line":91,"column":10}},"92":{"start":{"line":93,"column":0},"end":{"line":93,"column":1}}},"s":{"0":1,"19":1,"20":1,"21":1,"22":1,"23":1,"24":1,"25":1,"26":1,"27":1,"31":8,"32":8,"33":8,"36":8,"37":18,"38":18,"42":8,"43":8,"44":8,"45":8,"47":8,"48":2,"50":6,"51":6,"52":6,"53":18,"54":18,"55":18,"56":18,"57":18,"59":18,"60":18,"61":18,"62":18,"63":18,"64":18,"65":18,"66":18,"67":18,"68":18,"69":18,"70":18,"71":18,"72":18,"73":18,"74":18,"75":18,"76":18,"77":18,"78":18,"79":18,"80":18,"81":18,"82":18,"83":18,"84":18,"85":18,"86":6,"87":6,"88":6,"90":8,"92":8},"branchMap":{"0":{"type":"branch","line":32,"loc":{"start":{"line":32,"column":0},"end":{"line":93,"column":1}},"locations":[{"start":{"line":32,"column":0},"end":{"line":93,"column":1}}]},"1":{"type":"branch","line":48,"loc":{"start":{"line":48,"column":29},"end":{"line":49,"column":40}},"locations":[{"start":{"line":48,"column":29},"end":{"line":49,"column":40}}]},"2":{"type":"branch","line":49,"loc":{"start":{"line":49,"column":34},"end":{"line":89,"column":20}},"locations":[{"start":{"line":49,"column":34},"end":{"line":89,"column":20}}]},"3":{"type":"branch","line":37,"loc":{"start":{"line":37,"column":2},"end":{"line":39,"column":3}},"locations":[{"start":{"line":37,"column":2},"end":{"line":39,"column":3}}]},"4":{"type":"branch","line":38,"loc":{"start":{"line":38,"column":58},"end":{"line":38,"column":66}},"locations":[{"start":{"line":38,"column":58},"end":{"line":38,"column":66}}]},"5":{"type":"branch","line":53,"loc":{"start":{"line":53,"column":28},"end":{"line":86,"column":20}},"locations":[{"start":{"line":53,"column":28},"end":{"line":86,"column":20}}]}},"b":{"0":[8],"1":[2],"2":[6],"3":[18],"4":[0],"5":[18]},"fnMap":{"0":{"name":"FoodTruckList","decl":{"start":{"line":32,"column":0},"end":{"line":93,"column":1}},"loc":{"start":{"line":32,"column":0},"end":{"line":93,"column":1}},"line":32},"1":{"name":"getBgColor","decl":{"start":{"line":37,"column":2},"end":{"line":39,"column":3}},"loc":{"start":{"line":37,"column":2},"end":{"line":39,"column":3}},"line":37}},"f":{"0":8,"1":18}}
,"/Users/davidcibin/food-truck-frontend/src/context/FoodTruckContext.tsx": {"path":"/Users/davidcibin/food-truck-frontend/src/context/FoodTruckContext.tsx","all":false,"statementMap":{"0":{"start":{"line":1,"column":0},"end":{"line":1,"column":50}},"14":{"start":{"line":15,"column":0},"end":{"line":15,"column":75}},"15":{"start":{"line":16,"column":0},"end":{"line":16,"column":7}},"16":{"start":{"line":17,"column":0},"end":{"line":17,"column":2}},"18":{"start":{"line":19,"column":0},"end":{"line":19,"column":35}},"19":{"start":{"line":20,"column":0},"end":{"line":20,"column":47}},"20":{"start":{"line":21,"column":0},"end":{"line":21,"column":17}},"21":{"start":{"line":22,"column":0},"end":{"line":22,"column":76}},"22":{"start":{"line":23,"column":0},"end":{"line":23,"column":3}},"23":{"start":{"line":24,"column":0},"end":{"line":24,"column":17}},"24":{"start":{"line":25,"column":0},"end":{"line":25,"column":2}}},"s":{"0":1,"14":1,"15":1,"16":1,"18":1,"19":0,"20":0,"21":0,"22":0,"23":0,"24":0},"branchMap":{},"b":{},"fnMap":{"0":{"name":"useFoodTruck","decl":{"start":{"line":19,"column":28},"end":{"line":25,"column":2}},"loc":{"start":{"line":19,"column":28},"end":{"line":25,"column":2}},"line":19}},"f":{"0":0}}
,"/Users/davidcibin/food-truck-frontend/src/context/FoodTruckProvider.tsx": {"path":"/Users/davidcibin/food-truck-frontend/src/context/FoodTruckProvider.tsx","all":false,"statementMap":{"1":{"start":{"line":2,"column":0},"end":{"line":2,"column":76}},"8":{"start":{"line":9,"column":0},"end":{"line":9,"column":67}},"9":{"start":{"line":10,"column":0},"end":{"line":10,"column":43}},"10":{"start":{"line":11,"column":0},"end":{"line":11,"column":14}},"11":{"start":{"line":12,"column":0},"end":{"line":12,"column":30}},"14":{"start":{"line":15,"column":0},"end":{"line":15,"column":33}}},"s":{"1":1,"8":1,"9":9,"10":9,"11":9,"14":1},"branchMap":{"0":{"type":"branch","line":9,"loc":{"start":{"line":9,"column":26},"end":{"line":12,"column":30}},"locations":[{"start":{"line":9,"column":26},"end":{"line":12,"column":30}}]}},"b":{"0":[9]},"fnMap":{"0":{"name":"FoodTruckProvider","decl":{"start":{"line":9,"column":26},"end":{"line":12,"column":30}},"loc":{"start":{"line":9,"column":26},"end":{"line":12,"column":30}},"line":9}},"f":{"0":9}}
,"/Users/davidcibin/food-truck-frontend/src/hooks/useFoodTrucks.tsx": {"path":"/Users/davidcibin/food-truck-frontend/src/hooks/useFoodTrucks.tsx","all":false,"statementMap":{"0":{"start":{"line":1,"column":0},"end":{"line":1,"column":44}},"1":{"start":{"line":2,"column":0},"end":{"line":2,"column":26}},"2":{"start":{"line":3,"column":0},"end":{"line":3,"column":71}},"14":{"start":{"line":15,"column":0},"end":{"line":15,"column":62}},"15":{"start":{"line":16,"column":0},"end":{"line":16,"column":65}},"16":{"start":{"line":17,"column":0},"end":{"line":17,"column":59}},"17":{"start":{"line":18,"column":0},"end":{"line":18,"column":47}},"21":{"start":{"line":22,"column":0},"end":{"line":22,"column":19}},"22":{"start":{"line":23,"column":0},"end":{"line":23,"column":41}},"23":{"start":{"line":24,"column":0},"end":{"line":24,"column":23}},"24":{"start":{"line":25,"column":0},"end":{"line":25,"column":11}},"25":{"start":{"line":26,"column":0},"end":{"line":26,"column":41}},"26":{"start":{"line":27,"column":0},"end":{"line":27,"column":93}},"27":{"start":{"line":28,"column":0},"end":{"line":28,"column":10}},"28":{"start":{"line":29,"column":0},"end":{"line":29,"column":69}},"29":{"start":{"line":30,"column":0},"end":{"line":30,"column":30}},"30":{"start":{"line":31,"column":0},"end":{"line":31,"column":66}},"31":{"start":{"line":32,"column":0},"end":{"line":32,"column":17}},"32":{"start":{"line":33,"column":0},"end":{"line":33,"column":9}},"33":{"start":{"line":34,"column":0},"end":{"line":34,"column":35}},"34":{"start":{"line":35,"column":0},"end":{"line":35,"column":26}},"35":{"start":{"line":36,"column":0},"end":{"line":36,"column":21}},"36":{"start":{"line":37,"column":0},"end":{"line":37,"column":91}},"37":{"start":{"line":38,"column":0},"end":{"line":38,"column":12}},"38":{"start":{"line":39,"column":0},"end":{"line":39,"column":22}},"39":{"start":{"line":40,"column":0},"end":{"line":40,"column":30}},"40":{"start":{"line":41,"column":0},"end":{"line":41,"column":31}},"41":{"start":{"line":42,"column":0},"end":{"line":42,"column":21}},"42":{"start":{"line":43,"column":0},"end":{"line":43,"column":58}},"43":{"start":{"line":44,"column":0},"end":{"line":44,"column":17}},"44":{"start":{"line":45,"column":0},"end":{"line":45,"column":26}},"45":{"start":{"line":46,"column":0},"end":{"line":46,"column":7}},"46":{"start":{"line":47,"column":0},"end":{"line":47,"column":6}},"48":{"start":{"line":49,"column":0},"end":{"line":49,"column":22}},"49":{"start":{"line":50,"column":0},"end":{"line":50,"column":9}},"51":{"start":{"line":52,"column":0},"end":{"line":52,"column":44}},"52":{"start":{"line":53,"column":0},"end":{"line":53,"column":1}}},"s":{"0":1,"1":1,"2":1,"14":0,"15":0,"16":0,"17":0,"21":0,"22":0,"23":0,"24":0,"25":0,"26":0,"27":0,"28":0,"29":0,"30":0,"31":0,"32":0,"33":0,"34":0,"35":0,"36":0,"37":0,"38":0,"39":0,"40":0,"41":0,"42":0,"43":0,"44":0,"45":0,"46":0,"48":0,"49":0,"51":0,"52":0},"branchMap":{},"b":{},"fnMap":{"0":{"name":"useFoodTrucks","decl":{"start":{"line":15,"column":0},"end":{"line":53,"column":1}},"loc":{"start":{"line":15,"column":0},"end":{"line":53,"column":1}},"line":15}},"f":{"0":0}}
}
